~~~~~~~~~~~~~~~~~~~~~~~~~~~~~~~~~~~~~~~~~~~~~~~~~~~~~~~~~~~~~~~~~~~~~~~~~~~~~~~~~~~~~~~~~~~~~~~~~~~~~~~~~~~~~
Run number read from file: 7871

Job 1/1
Running trotta_Job.txt for 7871
Submitting batch
Parsing script ... (it may take while)
<jsub><request><index>30821116</index><jobIndex>65297636</jobIndex></request></jsub>
 
7871 has an AugerID of 65297636
~~~~~~~~~~~~~~~~~~~~~~~~~~~~~~~~~~~~~~~~~~~~~~~~~~~~~~~~~~~~~~~~~~~~~~~~~~~~~~~~~~~~~~~~~~~~~~~~~~~~~~~~~~~~~
 
###############################################################################################################
############################################ END OF JOB SUBMISSIONS ###########################################
###############################################################################################################
 
7871 has an AugerID of 65297636
~~~~~~~~~~~~~~~~~~~~~~~~~~~~~~~~~~~~~~~~~~~~~~~~~~~~~~~~~~~~~~~~~~~~~~~~~~~~~~~~~~~~~~~~~~~~~~~~~~~~~~~~~~~~~
JOB_ID    USER      STAT    QUEUE      EXEC_HOST   JOB_NAME         SUBMIT_TIME   CPU_TIME  WALLTIME  ACCOUNT    
65297636  trottar     A    priority    --         KaonLT_7871       Mar 25 03:41  --         --         hallc     
 
There are 0 jobs remaining
~~~~~~~~~~~~~~~~~~~~~~~~~~~~~~~~~~~~~~~~~~~~~~~~~~~~~~~~~~~~~~~~~~~~~~~~~~~~~~~~~~~~~~~~~~~~~~~~~~~~~~~~~~~~~
grep: batch_OUTPUT/KaonLT_7871.out: No such file or directory
grep: batch_OUTPUT/KaonLT_7871.out: No such file or directory
_
|ID-65297636 (run 7871) has printed batch job information to file
|Amount of allocated memory used: /
