~~~~~~~~~~~~~~~~~~~~~~~~~~~~~~~~~~~~~~~~~~~~~~~~~~~~~~~~~~~~~~~~~~~~~~~~~~~~~~~~~~~~~~~~~~~~~~~~~~~~~~~~~~~~~
Run number read from file: 7871

Job 1/14
Running trotta_Job.txt for 7871
Submitting batch
Parsing script ... (it may take while)
<jsub><request><index>30830060</index><jobIndex>65354265</jobIndex></request></jsub>
 
7871 has an AugerID of 65354265
~~~~~~~~~~~~~~~~~~~~~~~~~~~~~~~~~~~~~~~~~~~~~~~~~~~~~~~~~~~~~~~~~~~~~~~~~~~~~~~~~~~~~~~~~~~~~~~~~~~~~~~~~~~~~
Run number read from file: 7872

Job 2/14
Running trotta_Job.txt for 7872
Submitting batch
Parsing script ... (it may take while)
<jsub><request><index>30830061</index><jobIndex>65354266</jobIndex></request></jsub>
 
7872 has an AugerID of 65354266
~~~~~~~~~~~~~~~~~~~~~~~~~~~~~~~~~~~~~~~~~~~~~~~~~~~~~~~~~~~~~~~~~~~~~~~~~~~~~~~~~~~~~~~~~~~~~~~~~~~~~~~~~~~~~
Run number read from file: 7873

Job 3/14
Running trotta_Job.txt for 7873
Submitting batch
Parsing script ... (it may take while)
<jsub><request><index>30830062</index><jobIndex>65354267</jobIndex></request></jsub>
 
7873 has an AugerID of 65354267
~~~~~~~~~~~~~~~~~~~~~~~~~~~~~~~~~~~~~~~~~~~~~~~~~~~~~~~~~~~~~~~~~~~~~~~~~~~~~~~~~~~~~~~~~~~~~~~~~~~~~~~~~~~~~
Run number read from file: 7874

Job 4/14
Running trotta_Job.txt for 7874
Submitting batch
Parsing script ... (it may take while)
<jsub><request><index>30830065</index><jobIndex>65354324</jobIndex></request></jsub>
 
7874 has an AugerID of 65354324
~~~~~~~~~~~~~~~~~~~~~~~~~~~~~~~~~~~~~~~~~~~~~~~~~~~~~~~~~~~~~~~~~~~~~~~~~~~~~~~~~~~~~~~~~~~~~~~~~~~~~~~~~~~~~
Run number read from file: 7875

Job 5/14
Running trotta_Job.txt for 7875
Submitting batch
Parsing script ... (it may take while)
<jsub><request><index>30830066</index><jobIndex>65354325</jobIndex></request></jsub>
 
7875 has an AugerID of 65354325
~~~~~~~~~~~~~~~~~~~~~~~~~~~~~~~~~~~~~~~~~~~~~~~~~~~~~~~~~~~~~~~~~~~~~~~~~~~~~~~~~~~~~~~~~~~~~~~~~~~~~~~~~~~~~
Run number read from file: 7875

Job 6/14
Running trotta_Job.txt for 7875
Submitting batch
Parsing script ... (it may take while)
<jsub><request><index>30830067</index><jobIndex>65354326</jobIndex></request></jsub>
 
7875 has an AugerID of 65354325
~~~~~~~~~~~~~~~~~~~~~~~~~~~~~~~~~~~~~~~~~~~~~~~~~~~~~~~~~~~~~~~~~~~~~~~~~~~~~~~~~~~~~~~~~~~~~~~~~~~~~~~~~~~~~
Run number read from file: 7876

Job 7/14
Running trotta_Job.txt for 7876
Submitting batch
Parsing script ... (it may take while)
<jsub><request><index>30830068</index><jobIndex>65354327</jobIndex></request></jsub>
 
7876 has an AugerID of 65354327
~~~~~~~~~~~~~~~~~~~~~~~~~~~~~~~~~~~~~~~~~~~~~~~~~~~~~~~~~~~~~~~~~~~~~~~~~~~~~~~~~~~~~~~~~~~~~~~~~~~~~~~~~~~~~
Run number read from file: 7877

Job 8/14
Running trotta_Job.txt for 7877
Submitting batch
Parsing script ... (it may take while)
<jsub><request><index>30830069</index><jobIndex>65354328</jobIndex></request></jsub>
 
7877 has an AugerID of 65354328
~~~~~~~~~~~~~~~~~~~~~~~~~~~~~~~~~~~~~~~~~~~~~~~~~~~~~~~~~~~~~~~~~~~~~~~~~~~~~~~~~~~~~~~~~~~~~~~~~~~~~~~~~~~~~
Run number read from file: 7882

Job 9/14
Running trotta_Job.txt for 7882
Submitting batch
Parsing script ... (it may take while)
<jsub><request><index>30830070</index><jobIndex>65354329</jobIndex></request></jsub>
 
7882 has an AugerID of 65354329
~~~~~~~~~~~~~~~~~~~~~~~~~~~~~~~~~~~~~~~~~~~~~~~~~~~~~~~~~~~~~~~~~~~~~~~~~~~~~~~~~~~~~~~~~~~~~~~~~~~~~~~~~~~~~
Run number read from file: 7883

Job 10/14
Running trotta_Job.txt for 7883
Submitting batch
Parsing script ... (it may take while)
<jsub><request><index>30830071</index><jobIndex>65354330</jobIndex></request></jsub>
 
7883 has an AugerID of 65354330
~~~~~~~~~~~~~~~~~~~~~~~~~~~~~~~~~~~~~~~~~~~~~~~~~~~~~~~~~~~~~~~~~~~~~~~~~~~~~~~~~~~~~~~~~~~~~~~~~~~~~~~~~~~~~
Run number read from file: 7884

Job 11/14
Running trotta_Job.txt for 7884
Submitting batch
Parsing script ... (it may take while)
<jsub><request><index>30830072</index><jobIndex>65354331</jobIndex></request></jsub>
 
7884 has an AugerID of 65354331
~~~~~~~~~~~~~~~~~~~~~~~~~~~~~~~~~~~~~~~~~~~~~~~~~~~~~~~~~~~~~~~~~~~~~~~~~~~~~~~~~~~~~~~~~~~~~~~~~~~~~~~~~~~~~
Run number read from file: 7885

Job 12/14
Running trotta_Job.txt for 7885
Submitting batch
Parsing script ... (it may take while)
<jsub><request><index>30830073</index><jobIndex>65354332</jobIndex></request></jsub>
 
7885 has an AugerID of 65354332
~~~~~~~~~~~~~~~~~~~~~~~~~~~~~~~~~~~~~~~~~~~~~~~~~~~~~~~~~~~~~~~~~~~~~~~~~~~~~~~~~~~~~~~~~~~~~~~~~~~~~~~~~~~~~
Run number read from file: 7886

Job 13/14
Running trotta_Job.txt for 7886
Submitting batch
Parsing script ... (it may take while)
<jsub><request><index>30830075</index><jobIndex>65354375</jobIndex></request></jsub>
 
7886 has an AugerID of 65354375
~~~~~~~~~~~~~~~~~~~~~~~~~~~~~~~~~~~~~~~~~~~~~~~~~~~~~~~~~~~~~~~~~~~~~~~~~~~~~~~~~~~~~~~~~~~~~~~~~~~~~~~~~~~~~
Run number read from file: 7887

Job 14/14
Running trotta_Job.txt for 7887
Submitting batch
Parsing script ... (it may take while)
<jsub><request><index>30830076</index><jobIndex>65354376</jobIndex></request></jsub>
 
7887 has an AugerID of 65354376
~~~~~~~~~~~~~~~~~~~~~~~~~~~~~~~~~~~~~~~~~~~~~~~~~~~~~~~~~~~~~~~~~~~~~~~~~~~~~~~~~~~~~~~~~~~~~~~~~~~~~~~~~~~~~
 
###############################################################################################################
############################################ END OF JOB SUBMISSIONS ###########################################
###############################################################################################################
 
7871 has an AugerID of 65354265
7872 has an AugerID of 65354266
7873 has an AugerID of 65354267
7874 has an AugerID of 65354324
7875 has an AugerID of 65354325
7875 has an AugerID of 65354325
7876 has an AugerID of 65354327
7877 has an AugerID of 65354328
7882 has an AugerID of 65354329
7883 has an AugerID of 65354330
7884 has an AugerID of 65354331
7885 has an AugerID of 65354332
7886 has an AugerID of 65354375
7887 has an AugerID of 65354376
~~~~~~~~~~~~~~~~~~~~~~~~~~~~~~~~~~~~~~~~~~~~~~~~~~~~~~~~~~~~~~~~~~~~~~~~~~~~~~~~~~~~~~~~~~~~~~~~~~~~~~~~~~~~~
JOB_ID    USER      STAT    QUEUE      EXEC_HOST   JOB_NAME         SUBMIT_TIME   CPU_TIME  WALLTIME  ACCOUNT    
65354265  trottar     Q    priority    --         KaonLT_7871       Mar 26 13:50  --         --         hallc     
65354266  trottar     Q    priority    --         KaonLT_7872       Mar 26 13:50  --         --         hallc     
65354267  trottar     Q    priority    --         KaonLT_7873       Mar 26 13:50  --         --         hallc     
65354324  trottar     Q    priority    --         KaonLT_7874       Mar 26 13:50  --         --         hallc     
65354325  trottar     A    priority    --         KaonLT_7875       Mar 26 13:50  --         --         hallc     
65354326  trottar     A    priority    --         KaonLT_7875       Mar 26 13:51  --         --         hallc     
65354327  trottar     A    priority    --         KaonLT_7876       Mar 26 13:51  --         --         hallc     
65354328  trottar     A    priority    --         KaonLT_7877       Mar 26 13:52  --         --         hallc     
65354329  trottar     A    priority    --         KaonLT_7882       Mar 26 13:52  --         --         hallc     
65354330  trottar     A    priority    --         KaonLT_7883       Mar 26 13:52  --         --         hallc     
65354331  trottar     A    priority    --         KaonLT_7884       Mar 26 13:53  --         --         hallc     
65354332  trottar     A    priority    --         KaonLT_7885       Mar 26 13:53  --         --         hallc     
65354375  trottar     A    priority    --         KaonLT_7886       Mar 26 13:54  --         --         hallc     
65354376  trottar     A    priority    --         KaonLT_7887       Mar 26 13:54  --         --         hallc     
 
There are 14 jobs remaining
~~~~~~~~~~~~~~~~~~~~~~~~~~~~~~~~~~~~~~~~~~~~~~~~~~~~~~~~~~~~~~~~~~~~~~~~~~~~~~~~~~~~~~~~~~~~~~~~~~~~~~~~~~~~~
JOB_ID    USER      STAT    QUEUE      EXEC_HOST   JOB_NAME         SUBMIT_TIME   CPU_TIME  WALLTIME  ACCOUNT    
65354265  trottar     Q    priority    --         KaonLT_7871       Mar 26 13:50  --         --         hallc     
65354266  trottar     Q    priority    --         KaonLT_7872       Mar 26 13:50  --         --         hallc     
65354267  trottar     Q    priority    --         KaonLT_7873       Mar 26 13:50  --         --         hallc     
65354324  trottar     Q    priority    --         KaonLT_7874       Mar 26 13:50  --         --         hallc     
65354325  trottar     A    priority    --         KaonLT_7875       Mar 26 13:50  --         --         hallc     
65354326  trottar     A    priority    --         KaonLT_7875       Mar 26 13:51  --         --         hallc     
65354327  trottar     A    priority    --         KaonLT_7876       Mar 26 13:51  --         --         hallc     
65354328  trottar     A    priority    --         KaonLT_7877       Mar 26 13:52  --         --         hallc     
65354329  trottar     A    priority    --         KaonLT_7882       Mar 26 13:52  --         --         hallc     
65354330  trottar     A    priority    --         KaonLT_7883       Mar 26 13:52  --         --         hallc     
65354331  trottar     A    priority    --         KaonLT_7884       Mar 26 13:53  --         --         hallc     
65354332  trottar     A    priority    --         KaonLT_7885       Mar 26 13:53  --         --         hallc     
65354375  trottar     A    priority    --         KaonLT_7886       Mar 26 13:54  --         --         hallc     
65354376  trottar     A    priority    --         KaonLT_7887       Mar 26 13:54  --         --         hallc     
 
There are 14 jobs remaining
~~~~~~~~~~~~~~~~~~~~~~~~~~~~~~~~~~~~~~~~~~~~~~~~~~~~~~~~~~~~~~~~~~~~~~~~~~~~~~~~~~~~~~~~~~~~~~~~~~~~~~~~~~~~~
JOB_ID    USER      STAT    QUEUE      EXEC_HOST   JOB_NAME         SUBMIT_TIME   CPU_TIME  WALLTIME  ACCOUNT    
65354265  trottar     Q    priority    --         KaonLT_7871       Mar 26 13:50  --         --         hallc     
65354266  trottar     Q    priority    --         KaonLT_7872       Mar 26 13:50  --         --         hallc     
65354267  trottar     Q    priority    --         KaonLT_7873       Mar 26 13:50  --         --         hallc     
65354324  trottar     Q    priority    --         KaonLT_7874       Mar 26 13:50  --         --         hallc     
65354325  trottar     A    priority    --         KaonLT_7875       Mar 26 13:50  --         --         hallc     
65354326  trottar     A    priority    --         KaonLT_7875       Mar 26 13:51  --         --         hallc     
65354327  trottar     A    priority    --         KaonLT_7876       Mar 26 13:51  --         --         hallc     
65354328  trottar     A    priority    --         KaonLT_7877       Mar 26 13:52  --         --         hallc     
65354329  trottar     A    priority    --         KaonLT_7882       Mar 26 13:52  --         --         hallc     
65354330  trottar     A    priority    --         KaonLT_7883       Mar 26 13:52  --         --         hallc     
65354331  trottar     A    priority    --         KaonLT_7884       Mar 26 13:53  --         --         hallc     
65354332  trottar     A    priority    --         KaonLT_7885       Mar 26 13:53  --         --         hallc     
65354375  trottar     A    priority    --         KaonLT_7886       Mar 26 13:54  --         --         hallc     
65354376  trottar     A    priority    --         KaonLT_7887       Mar 26 13:54  --         --         hallc     
 
There are 14 jobs remaining
~~~~~~~~~~~~~~~~~~~~~~~~~~~~~~~~~~~~~~~~~~~~~~~~~~~~~~~~~~~~~~~~~~~~~~~~~~~~~~~~~~~~~~~~~~~~~~~~~~~~~~~~~~~~~
JOB_ID    USER      STAT    QUEUE      EXEC_HOST   JOB_NAME         SUBMIT_TIME   CPU_TIME  WALLTIME  ACCOUNT    
65354265  trottar     R    priority    farm13009  KaonLT_7871       Mar 26 13:50  --         --         hallc     
65354266  trottar     R    priority    farm13009  KaonLT_7872       Mar 26 13:50  --         --         hallc     
65354267  trottar     R    priority    farm13009  KaonLT_7873       Mar 26 13:50  --         --         hallc     
65354324  trottar     R    priority    farm13009  KaonLT_7874       Mar 26 13:50  --         --         hallc     
65354325  trottar     R    priority    farm13009  KaonLT_7875       Mar 26 13:58  --         --         hallc     
65354327  trottar     R    priority    farm13009  KaonLT_7876       Mar 26 13:58  --         --         hallc     
65354328  trottar     R    priority    farm13009  KaonLT_7877       Mar 26 13:58  --         --         hallc     
65354329  trottar     R    priority    farm13009  KaonLT_7882       Mar 26 13:58  --         --         hallc     
65354330  trottar     R    priority    farm13009  KaonLT_7883       Mar 26 13:58  --         --         hallc     
65354331  trottar     A    priority    --         KaonLT_7884       Mar 26 13:53  --         --         hallc     
65354332  trottar     A    priority    --         KaonLT_7885       Mar 26 13:53  --         --         hallc     
65354375  trottar     A    priority    --         KaonLT_7886       Mar 26 13:54  --         --         hallc     
65354376  trottar     A    priority    --         KaonLT_7887       Mar 26 13:54  --         --         hallc     
 
There are 13 jobs remaining
~~~~~~~~~~~~~~~~~~~~~~~~~~~~~~~~~~~~~~~~~~~~~~~~~~~~~~~~~~~~~~~~~~~~~~~~~~~~~~~~~~~~~~~~~~~~~~~~~~~~~~~~~~~~~
JOB_ID    USER      STAT    QUEUE      EXEC_HOST   JOB_NAME         SUBMIT_TIME   CPU_TIME  WALLTIME  ACCOUNT    
65354265  trottar     R    priority    farm13009  KaonLT_7871       Mar 26 13:50  00:00:56   00:01:42   hallc     
65354266  trottar     R    priority    farm13009  KaonLT_7872       Mar 26 13:50  00:00:36   00:01:42   hallc     
65354267  trottar     R    priority    farm13009  KaonLT_7873       Mar 26 13:50  00:00:31   00:01:41   hallc     
65354324  trottar     R    priority    farm13009  KaonLT_7874       Mar 26 13:50  00:01:13   00:01:41   hallc     
65354325  trottar     R    priority    farm13009  KaonLT_7875       Mar 26 13:58  00:01:32   00:01:54   hallc     
65354327  trottar     R    priority    farm13009  KaonLT_7876       Mar 26 13:58  00:01:38   00:01:54   hallc     
65354328  trottar     R    priority    farm13009  KaonLT_7877       Mar 26 13:58  00:01:33   00:01:54   hallc     
65354329  trottar     R    priority    farm13009  KaonLT_7882       Mar 26 13:58  00:01:29   00:01:53   hallc     
65354330  trottar     R    priority    farm13009  KaonLT_7883       Mar 26 13:58  00:01:35   00:01:53   hallc     
65354331  trottar     A    priority    --         KaonLT_7884       Mar 26 13:53  --         --         hallc     
65354332  trottar     A    priority    --         KaonLT_7885       Mar 26 13:53  --         --         hallc     
65354375  trottar     A    priority    --         KaonLT_7886       Mar 26 13:54  --         --         hallc     
65354376  trottar     A    priority    --         KaonLT_7887       Mar 26 13:54  --         --         hallc     
 
There are 13 jobs remaining
~~~~~~~~~~~~~~~~~~~~~~~~~~~~~~~~~~~~~~~~~~~~~~~~~~~~~~~~~~~~~~~~~~~~~~~~~~~~~~~~~~~~~~~~~~~~~~~~~~~~~~~~~~~~~
JOB_ID    USER      STAT    QUEUE      EXEC_HOST   JOB_NAME         SUBMIT_TIME   CPU_TIME  WALLTIME  ACCOUNT    
65354265  trottar     R    priority    farm13009  KaonLT_7871       Mar 26 13:50  00:00:56   00:01:42   hallc     
65354266  trottar     R    priority    farm13009  KaonLT_7872       Mar 26 13:50  00:00:36   00:01:42   hallc     
65354267  trottar     R    priority    farm13009  KaonLT_7873       Mar 26 13:50  00:00:31   00:01:41   hallc     
65354324  trottar     R    priority    farm13009  KaonLT_7874       Mar 26 13:50  00:01:13   00:01:41   hallc     
65354325  trottar     R    priority    farm13009  KaonLT_7875       Mar 26 13:58  00:01:32   00:01:54   hallc     
65354327  trottar     R    priority    farm13009  KaonLT_7876       Mar 26 13:58  00:01:38   00:01:54   hallc     
65354328  trottar     R    priority    farm13009  KaonLT_7877       Mar 26 13:58  00:01:33   00:01:54   hallc     
65354329  trottar     R    priority    farm13009  KaonLT_7882       Mar 26 13:58  00:01:29   00:01:53   hallc     
65354330  trottar     R    priority    farm13009  KaonLT_7883       Mar 26 13:58  00:01:35   00:01:53   hallc     
65354331  trottar     A    priority    --         KaonLT_7884       Mar 26 13:53  --         --         hallc     
65354332  trottar     A    priority    --         KaonLT_7885       Mar 26 13:53  --         --         hallc     
65354375  trottar     A    priority    --         KaonLT_7886       Mar 26 13:54  --         --         hallc     
65354376  trottar     A    priority    --         KaonLT_7887       Mar 26 13:54  --         --         hallc     
 
There are 13 jobs remaining
~~~~~~~~~~~~~~~~~~~~~~~~~~~~~~~~~~~~~~~~~~~~~~~~~~~~~~~~~~~~~~~~~~~~~~~~~~~~~~~~~~~~~~~~~~~~~~~~~~~~~~~~~~~~~
JOB_ID    USER      STAT    QUEUE      EXEC_HOST   JOB_NAME         SUBMIT_TIME   CPU_TIME  WALLTIME  ACCOUNT    
65354265  trottar     R    priority    farm13009  KaonLT_7871       Mar 26 13:50  00:03:10   00:03:57   hallc     
65354266  trottar     R    priority    farm13009  KaonLT_7872       Mar 26 13:50  00:02:51   00:03:57   hallc     
65354267  trottar     R    priority    farm13009  KaonLT_7873       Mar 26 13:50  00:02:39   00:03:56   hallc     
65354324  trottar     R    priority    farm13009  KaonLT_7874       Mar 26 13:50  00:03:28   00:03:56   hallc     
65354325  trottar     R    priority    farm13009  KaonLT_7875       Mar 26 13:58  00:03:23   00:03:45   hallc     
65354327  trottar     R    priority    farm13009  KaonLT_7876       Mar 26 13:58  00:03:29   00:03:45   hallc     
65354328  trottar     R    priority    farm13009  KaonLT_7877       Mar 26 13:58  00:03:25   00:03:45   hallc     
65354329  trottar     R    priority    farm13009  KaonLT_7882       Mar 26 13:58  00:03:20   00:03:44   hallc     
65354330  trottar     R    priority    farm13009  KaonLT_7883       Mar 26 13:58  00:03:27   00:03:44   hallc     
65354331  trottar     A    priority    --         KaonLT_7884       Mar 26 13:53  --         --         hallc     
65354332  trottar     A    priority    --         KaonLT_7885       Mar 26 13:53  --         --         hallc     
65354375  trottar     A    priority    --         KaonLT_7886       Mar 26 13:54  --         --         hallc     
65354376  trottar     A    priority    --         KaonLT_7887       Mar 26 13:54  --         --         hallc     
 
There are 13 jobs remaining
~~~~~~~~~~~~~~~~~~~~~~~~~~~~~~~~~~~~~~~~~~~~~~~~~~~~~~~~~~~~~~~~~~~~~~~~~~~~~~~~~~~~~~~~~~~~~~~~~~~~~~~~~~~~~
JOB_ID    USER      STAT    QUEUE      EXEC_HOST   JOB_NAME         SUBMIT_TIME   CPU_TIME  WALLTIME  ACCOUNT    
65354265  trottar     R    priority    farm13009  KaonLT_7871       Mar 26 13:50  00:05:04   00:05:51   hallc     
65354266  trottar     R    priority    farm13009  KaonLT_7872       Mar 26 13:50  00:04:45   00:05:51   hallc     
65354267  trottar     R    priority    farm13009  KaonLT_7873       Mar 26 13:50  00:04:32   00:05:50   hallc     
65354324  trottar     R    priority    farm13009  KaonLT_7874       Mar 26 13:50  00:05:22   00:05:50   hallc     
65354325  trottar     R    priority    farm13009  KaonLT_7875       Mar 26 13:58  00:03:23   00:03:45   hallc     
65354327  trottar     R    priority    farm13009  KaonLT_7876       Mar 26 13:58  00:03:29   00:03:45   hallc     
65354328  trottar     R    priority    farm13009  KaonLT_7877       Mar 26 13:58  00:03:25   00:03:45   hallc     
65354329  trottar     R    priority    farm13009  KaonLT_7882       Mar 26 13:58  00:03:20   00:03:44   hallc     
65354330  trottar     R    priority    farm13009  KaonLT_7883       Mar 26 13:58  00:03:27   00:03:44   hallc     
65354331  trottar     R    priority    farm13009  KaonLT_7884       Mar 26 14:04  --         --         hallc     
65354332  trottar     R    priority    farm13009  KaonLT_7885       Mar 26 14:04  --         --         hallc     
65354375  trottar     R    priority    farm13009  KaonLT_7886       Mar 26 14:04  --         --         hallc     
65354376  trottar     R    priority    farm13009  KaonLT_7887       Mar 26 14:04  --         --         hallc     
 
There are 13 jobs remaining
~~~~~~~~~~~~~~~~~~~~~~~~~~~~~~~~~~~~~~~~~~~~~~~~~~~~~~~~~~~~~~~~~~~~~~~~~~~~~~~~~~~~~~~~~~~~~~~~~~~~~~~~~~~~~
JOB_ID    USER      STAT    QUEUE      EXEC_HOST   JOB_NAME         SUBMIT_TIME   CPU_TIME  WALLTIME  ACCOUNT    
65354265  trottar     R    priority    farm13009  KaonLT_7871       Mar 26 13:50  00:05:04   00:05:51   hallc     
65354266  trottar     R    priority    farm13009  KaonLT_7872       Mar 26 13:50  00:04:45   00:05:51   hallc     
65354267  trottar     R    priority    farm13009  KaonLT_7873       Mar 26 13:50  00:04:32   00:05:50   hallc     
65354324  trottar     R    priority    farm13009  KaonLT_7874       Mar 26 13:50  00:05:22   00:05:50   hallc     
65354325  trottar     R    priority    farm13009  KaonLT_7875       Mar 26 13:58  00:05:38   00:06:00   hallc     
65354327  trottar     R    priority    farm13009  KaonLT_7876       Mar 26 13:58  00:05:43   00:06:00   hallc     
65354328  trottar     R    priority    farm13009  KaonLT_7877       Mar 26 13:58  00:05:39   00:06:00   hallc     
65354329  trottar     R    priority    farm13009  KaonLT_7882       Mar 26 13:58  00:05:35   00:05:59   hallc     
65354330  trottar     R    priority    farm13009  KaonLT_7883       Mar 26 13:58  00:05:42   00:05:59   hallc     
65354331  trottar     R    priority    farm13009  KaonLT_7884       Mar 26 14:04  --         --         hallc     
65354332  trottar     R    priority    farm13009  KaonLT_7885       Mar 26 14:04  --         --         hallc     
65354375  trottar     R    priority    farm13009  KaonLT_7886       Mar 26 14:04  --         --         hallc     
65354376  trottar     R    priority    farm13009  KaonLT_7887       Mar 26 14:04  --         --         hallc     
 
There are 13 jobs remaining
~~~~~~~~~~~~~~~~~~~~~~~~~~~~~~~~~~~~~~~~~~~~~~~~~~~~~~~~~~~~~~~~~~~~~~~~~~~~~~~~~~~~~~~~~~~~~~~~~~~~~~~~~~~~~
JOB_ID    USER      STAT    QUEUE      EXEC_HOST   JOB_NAME         SUBMIT_TIME   CPU_TIME  WALLTIME  ACCOUNT    
65354265  trottar     R    priority    farm13009  KaonLT_7871       Mar 26 13:50  00:07:18   00:08:06   hallc     
65354266  trottar     R    priority    farm13009  KaonLT_7872       Mar 26 13:50  00:07:00   00:08:06   hallc     
65354267  trottar     R    priority    farm13009  KaonLT_7873       Mar 26 13:50  00:06:48   00:08:05   hallc     
65354324  trottar     R    priority    farm13009  KaonLT_7874       Mar 26 13:50  00:07:38   00:08:05   hallc     
65354325  trottar     R    priority    farm13009  KaonLT_7875       Mar 26 13:58  00:07:33   00:07:54   hallc     
65354327  trottar     R    priority    farm13009  KaonLT_7876       Mar 26 13:58  00:07:37   00:07:54   hallc     
65354328  trottar     R    priority    farm13009  KaonLT_7877       Mar 26 13:58  00:07:34   00:07:54   hallc     
65354329  trottar     R    priority    farm13009  KaonLT_7882       Mar 26 13:58  00:07:29   00:07:53   hallc     
65354330  trottar     R    priority    farm13009  KaonLT_7883       Mar 26 13:58  00:07:36   00:07:53   hallc     
65354331  trottar     R    priority    farm13009  KaonLT_7884       Mar 26 14:04  00:01:45   00:02:04   hallc     
65354332  trottar     R    priority    farm13009  KaonLT_7885       Mar 26 14:04  00:01:41   00:02:04   hallc     
65354375  trottar     R    priority    farm13009  KaonLT_7886       Mar 26 14:04  00:01:49   00:02:04   hallc     
65354376  trottar     R    priority    farm13009  KaonLT_7887       Mar 26 14:04  00:01:47   00:02:04   hallc     
 
There are 13 jobs remaining
~~~~~~~~~~~~~~~~~~~~~~~~~~~~~~~~~~~~~~~~~~~~~~~~~~~~~~~~~~~~~~~~~~~~~~~~~~~~~~~~~~~~~~~~~~~~~~~~~~~~~~~~~~~~~
JOB_ID    USER      STAT    QUEUE      EXEC_HOST   JOB_NAME         SUBMIT_TIME   CPU_TIME  WALLTIME  ACCOUNT    
65354265  trottar     R    priority    farm13009  KaonLT_7871       Mar 26 13:50  00:07:18   00:08:06   hallc     
65354266  trottar     R    priority    farm13009  KaonLT_7872       Mar 26 13:50  00:07:00   00:08:06   hallc     
65354267  trottar     R    priority    farm13009  KaonLT_7873       Mar 26 13:50  00:06:48   00:08:05   hallc     
65354324  trottar     R    priority    farm13009  KaonLT_7874       Mar 26 13:50  00:07:38   00:08:05   hallc     
65354325  trottar     R    priority    farm13009  KaonLT_7875       Mar 26 13:58  00:07:33   00:07:54   hallc     
65354327  trottar     R    priority    farm13009  KaonLT_7876       Mar 26 13:58  00:07:37   00:07:54   hallc     
65354328  trottar     R    priority    farm13009  KaonLT_7877       Mar 26 13:58  00:07:34   00:07:54   hallc     
65354329  trottar     R    priority    farm13009  KaonLT_7882       Mar 26 13:58  00:07:29   00:07:53   hallc     
65354330  trottar     R    priority    farm13009  KaonLT_7883       Mar 26 13:58  00:07:36   00:07:53   hallc     
65354331  trottar     R    priority    farm13009  KaonLT_7884       Mar 26 14:04  00:01:45   00:02:04   hallc     
65354332  trottar     R    priority    farm13009  KaonLT_7885       Mar 26 14:04  00:01:41   00:02:04   hallc     
65354375  trottar     R    priority    farm13009  KaonLT_7886       Mar 26 14:04  00:01:49   00:02:04   hallc     
65354376  trottar     R    priority    farm13009  KaonLT_7887       Mar 26 14:04  00:01:47   00:02:04   hallc     
 
There are 13 jobs remaining
~~~~~~~~~~~~~~~~~~~~~~~~~~~~~~~~~~~~~~~~~~~~~~~~~~~~~~~~~~~~~~~~~~~~~~~~~~~~~~~~~~~~~~~~~~~~~~~~~~~~~~~~~~~~~
JOB_ID    USER      STAT    QUEUE      EXEC_HOST   JOB_NAME         SUBMIT_TIME   CPU_TIME  WALLTIME  ACCOUNT    
65354265  trottar     R    priority    farm13009  KaonLT_7871       Mar 26 13:50  00:09:09   00:09:57   hallc     
65354266  trottar     R    priority    farm13009  KaonLT_7872       Mar 26 13:50  00:08:51   00:09:57   hallc     
65354267  trottar     R    priority    farm13009  KaonLT_7873       Mar 26 13:50  00:08:39   00:09:56   hallc     
65354324  trottar     R    priority    farm13009  KaonLT_7874       Mar 26 13:50  00:09:29   00:09:56   hallc     
65354325  trottar     R    priority    farm13009  KaonLT_7875       Mar 26 13:58  00:09:24   00:09:45   hallc     
65354327  trottar     R    priority    farm13009  KaonLT_7876       Mar 26 13:58  00:09:29   00:09:45   hallc     
65354328  trottar     R    priority    farm13009  KaonLT_7877       Mar 26 13:58  00:09:25   00:09:45   hallc     
65354329  trottar     R    priority    farm13009  KaonLT_7882       Mar 26 13:58  00:09:20   00:09:44   hallc     
65354330  trottar     R    priority    farm13009  KaonLT_7883       Mar 26 13:58  00:09:28   00:09:44   hallc     
65354331  trottar     R    priority    farm13009  KaonLT_7884       Mar 26 14:04  00:03:33   00:03:55   hallc     
65354332  trottar     R    priority    farm13009  KaonLT_7885       Mar 26 14:04  00:03:32   00:03:55   hallc     
65354375  trottar     R    priority    farm13009  KaonLT_7886       Mar 26 14:04  00:03:40   00:03:55   hallc     
65354376  trottar     R    priority    farm13009  KaonLT_7887       Mar 26 14:04  00:03:36   00:03:55   hallc     
 
There are 13 jobs remaining
~~~~~~~~~~~~~~~~~~~~~~~~~~~~~~~~~~~~~~~~~~~~~~~~~~~~~~~~~~~~~~~~~~~~~~~~~~~~~~~~~~~~~~~~~~~~~~~~~~~~~~~~~~~~~
JOB_ID    USER      STAT    QUEUE      EXEC_HOST   JOB_NAME         SUBMIT_TIME   CPU_TIME  WALLTIME  ACCOUNT    
65354265  trottar     R    priority    farm13009  KaonLT_7871       Mar 26 13:50  00:11:02   00:11:51   hallc     
65354266  trottar     R    priority    farm13009  KaonLT_7872       Mar 26 13:50  00:10:45   00:11:51   hallc     
65354267  trottar     R    priority    farm13009  KaonLT_7873       Mar 26 13:50  00:10:33   00:11:50   hallc     
65354324  trottar     R    priority    farm13009  KaonLT_7874       Mar 26 13:50  00:11:23   00:11:50   hallc     
65354325  trottar     R    priority    farm13009  KaonLT_7875       Mar 26 13:58  00:11:38   00:12:00   hallc     
65354327  trottar     R    priority    farm13009  KaonLT_7876       Mar 26 13:58  00:11:43   00:12:00   hallc     
65354328  trottar     R    priority    farm13009  KaonLT_7877       Mar 26 13:58  00:11:39   00:12:00   hallc     
65354329  trottar     R    priority    farm13009  KaonLT_7882       Mar 26 13:58  00:11:35   00:11:59   hallc     
65354330  trottar     R    priority    farm13009  KaonLT_7883       Mar 26 13:58  00:11:41   00:11:59   hallc     
65354331  trottar     R    priority    farm13009  KaonLT_7884       Mar 26 14:04  00:05:27   00:05:49   hallc     
65354332  trottar     R    priority    farm13009  KaonLT_7885       Mar 26 14:04  00:05:26   00:05:49   hallc     
65354375  trottar     R    priority    farm13009  KaonLT_7886       Mar 26 14:04  00:05:35   00:05:49   hallc     
65354376  trottar     R    priority    farm13009  KaonLT_7887       Mar 26 14:04  00:05:29   00:05:49   hallc     
 
There are 13 jobs remaining
~~~~~~~~~~~~~~~~~~~~~~~~~~~~~~~~~~~~~~~~~~~~~~~~~~~~~~~~~~~~~~~~~~~~~~~~~~~~~~~~~~~~~~~~~~~~~~~~~~~~~~~~~~~~~
JOB_ID    USER      STAT    QUEUE      EXEC_HOST   JOB_NAME         SUBMIT_TIME   CPU_TIME  WALLTIME  ACCOUNT    
65354265  trottar     R    priority    farm13009  KaonLT_7871       Mar 26 13:50  00:11:02   00:11:51   hallc     
65354266  trottar     R    priority    farm13009  KaonLT_7872       Mar 26 13:50  00:10:45   00:11:51   hallc     
65354267  trottar     R    priority    farm13009  KaonLT_7873       Mar 26 13:50  00:10:33   00:11:50   hallc     
65354324  trottar     R    priority    farm13009  KaonLT_7874       Mar 26 13:50  00:11:23   00:11:50   hallc     
65354325  trottar     R    priority    farm13009  KaonLT_7875       Mar 26 13:58  00:11:38   00:12:00   hallc     
65354327  trottar     R    priority    farm13009  KaonLT_7876       Mar 26 13:58  00:11:43   00:12:00   hallc     
65354328  trottar     R    priority    farm13009  KaonLT_7877       Mar 26 13:58  00:11:39   00:12:00   hallc     
65354329  trottar     R    priority    farm13009  KaonLT_7882       Mar 26 13:58  00:11:35   00:11:59   hallc     
65354330  trottar     R    priority    farm13009  KaonLT_7883       Mar 26 13:58  00:11:41   00:11:59   hallc     
65354331  trottar     R    priority    farm13009  KaonLT_7884       Mar 26 14:04  00:05:27   00:05:49   hallc     
65354332  trottar     R    priority    farm13009  KaonLT_7885       Mar 26 14:04  00:05:26   00:05:49   hallc     
65354375  trottar     R    priority    farm13009  KaonLT_7886       Mar 26 14:04  00:05:35   00:05:49   hallc     
65354376  trottar     R    priority    farm13009  KaonLT_7887       Mar 26 14:04  00:05:29   00:05:49   hallc     
 
There are 13 jobs remaining
~~~~~~~~~~~~~~~~~~~~~~~~~~~~~~~~~~~~~~~~~~~~~~~~~~~~~~~~~~~~~~~~~~~~~~~~~~~~~~~~~~~~~~~~~~~~~~~~~~~~~~~~~~~~~
JOB_ID    USER      STAT    QUEUE      EXEC_HOST   JOB_NAME         SUBMIT_TIME   CPU_TIME  WALLTIME  ACCOUNT    
65354265  trottar     R    priority    farm13009  KaonLT_7871       Mar 26 13:50  00:13:18   00:14:06   hallc     
65354266  trottar     R    priority    farm13009  KaonLT_7872       Mar 26 13:50  00:13:00   00:14:06   hallc     
65354267  trottar     R    priority    farm13009  KaonLT_7873       Mar 26 13:50  00:12:48   00:14:05   hallc     
65354324  trottar     R    priority    farm13009  KaonLT_7874       Mar 26 13:50  00:13:37   00:14:05   hallc     
65354325  trottar     R    priority    farm13009  KaonLT_7875       Mar 26 13:58  00:13:33   00:13:54   hallc     
65354327  trottar     R    priority    farm13009  KaonLT_7876       Mar 26 13:58  00:13:38   00:13:54   hallc     
65354328  trottar     R    priority    farm13009  KaonLT_7877       Mar 26 13:58  00:13:34   00:13:54   hallc     
65354329  trottar     R    priority    farm13009  KaonLT_7882       Mar 26 13:58  00:13:29   00:13:53   hallc     
65354330  trottar     R    priority    farm13009  KaonLT_7883       Mar 26 13:58  00:13:36   00:13:53   hallc     
65354331  trottar     R    priority    farm13009  KaonLT_7884       Mar 26 14:04  00:07:41   00:08:04   hallc     
65354332  trottar     R    priority    farm13009  KaonLT_7885       Mar 26 14:04  00:07:41   00:08:04   hallc     
65354375  trottar     R    priority    farm13009  KaonLT_7886       Mar 26 14:04  00:07:50   00:08:04   hallc     
65354376  trottar     R    priority    farm13009  KaonLT_7887       Mar 26 14:04  00:07:44   00:08:04   hallc     
 
There are 13 jobs remaining
~~~~~~~~~~~~~~~~~~~~~~~~~~~~~~~~~~~~~~~~~~~~~~~~~~~~~~~~~~~~~~~~~~~~~~~~~~~~~~~~~~~~~~~~~~~~~~~~~~~~~~~~~~~~~
JOB_ID    USER      STAT    QUEUE      EXEC_HOST   JOB_NAME         SUBMIT_TIME   CPU_TIME  WALLTIME  ACCOUNT    
65354265  trottar     R    priority    farm13009  KaonLT_7871       Mar 26 13:50  00:15:09   00:15:57   hallc     
65354266  trottar     R    priority    farm13009  KaonLT_7872       Mar 26 13:50  00:14:51   00:15:57   hallc     
65354267  trottar     R    priority    farm13009  KaonLT_7873       Mar 26 13:50  00:14:39   00:15:56   hallc     
65354324  trottar     R    priority    farm13009  KaonLT_7874       Mar 26 13:50  00:15:29   00:15:56   hallc     
65354325  trottar     R    priority    farm13009  KaonLT_7875       Mar 26 13:58  00:15:47   00:16:09   hallc     
65354327  trottar     R    priority    farm13009  KaonLT_7876       Mar 26 13:58  00:15:52   00:16:09   hallc     
65354328  trottar     R    priority    farm13009  KaonLT_7877       Mar 26 13:58  00:15:49   00:16:09   hallc     
65354330  trottar     R    priority    farm13009  KaonLT_7883       Mar 26 13:58  00:15:51   00:16:08   hallc     
65354331  trottar     R    priority    farm13009  KaonLT_7884       Mar 26 14:04  00:09:33   00:09:55   hallc     
65354332  trottar     R    priority    farm13009  KaonLT_7885       Mar 26 14:04  00:09:33   00:09:55   hallc     
65354375  trottar     R    priority    farm13009  KaonLT_7886       Mar 26 14:04  00:09:40   00:09:55   hallc     
65354376  trottar     R    priority    farm13009  KaonLT_7887       Mar 26 14:04  00:09:35   00:09:55   hallc     
 
There are 12 jobs remaining
~~~~~~~~~~~~~~~~~~~~~~~~~~~~~~~~~~~~~~~~~~~~~~~~~~~~~~~~~~~~~~~~~~~~~~~~~~~~~~~~~~~~~~~~~~~~~~~~~~~~~~~~~~~~~
JOB_ID    USER      STAT    QUEUE      EXEC_HOST   JOB_NAME         SUBMIT_TIME   CPU_TIME  WALLTIME  ACCOUNT    
65354265  trottar     R    priority    farm13009  KaonLT_7871       Mar 26 13:50  00:15:09   00:15:57   hallc     
65354266  trottar     R    priority    farm13009  KaonLT_7872       Mar 26 13:50  00:14:51   00:15:57   hallc     
65354267  trottar     R    priority    farm13009  KaonLT_7873       Mar 26 13:50  00:14:39   00:15:56   hallc     
65354324  trottar     R    priority    farm13009  KaonLT_7874       Mar 26 13:50  00:15:29   00:15:56   hallc     
65354325  trottar     R    priority    farm13009  KaonLT_7875       Mar 26 13:58  00:15:47   00:16:09   hallc     
65354327  trottar     R    priority    farm13009  KaonLT_7876       Mar 26 13:58  00:15:52   00:16:09   hallc     
65354328  trottar     R    priority    farm13009  KaonLT_7877       Mar 26 13:58  00:15:49   00:16:09   hallc     
65354330  trottar     R    priority    farm13009  KaonLT_7883       Mar 26 13:58  00:15:51   00:16:08   hallc     
65354331  trottar     R    priority    farm13009  KaonLT_7884       Mar 26 14:04  00:09:33   00:09:55   hallc     
65354332  trottar     R    priority    farm13009  KaonLT_7885       Mar 26 14:04  00:09:33   00:09:55   hallc     
65354375  trottar     R    priority    farm13009  KaonLT_7886       Mar 26 14:04  00:09:40   00:09:55   hallc     
65354376  trottar     R    priority    farm13009  KaonLT_7887       Mar 26 14:04  00:09:35   00:09:55   hallc     
 
There are 12 jobs remaining
~~~~~~~~~~~~~~~~~~~~~~~~~~~~~~~~~~~~~~~~~~~~~~~~~~~~~~~~~~~~~~~~~~~~~~~~~~~~~~~~~~~~~~~~~~~~~~~~~~~~~~~~~~~~~
JOB_ID    USER      STAT    QUEUE      EXEC_HOST   JOB_NAME         SUBMIT_TIME   CPU_TIME  WALLTIME  ACCOUNT    
65354265  trottar     R    priority    farm13009  KaonLT_7871       Mar 26 13:50  00:17:23   00:18:12   hallc     
65354266  trottar     R    priority    farm13009  KaonLT_7872       Mar 26 13:50  00:17:05   00:18:12   hallc     
65354267  trottar     R    priority    farm13009  KaonLT_7873       Mar 26 13:50  00:16:53   00:18:11   hallc     
65354324  trottar     R    priority    farm13009  KaonLT_7874       Mar 26 13:50  00:17:42   00:18:11   hallc     
65354325  trottar     R    priority    farm13009  KaonLT_7875       Mar 26 13:58  00:17:38   00:18:00   hallc     
65354327  trottar     R    priority    farm13009  KaonLT_7876       Mar 26 13:58  00:17:44   00:18:00   hallc     
65354328  trottar     R    priority    farm13009  KaonLT_7877       Mar 26 13:58  00:17:40   00:18:00   hallc     
65354331  trottar     R    priority    farm13009  KaonLT_7884       Mar 26 14:04  00:11:47   00:12:10   hallc     
65354332  trottar     R    priority    farm13009  KaonLT_7885       Mar 26 14:04  00:11:47   00:12:10   hallc     
65354375  trottar     R    priority    farm13009  KaonLT_7886       Mar 26 14:04  00:11:34   00:11:49   hallc     
65354376  trottar     R    priority    farm13009  KaonLT_7887       Mar 26 14:04  00:11:50   00:12:10   hallc     
 
There are 11 jobs remaining
~~~~~~~~~~~~~~~~~~~~~~~~~~~~~~~~~~~~~~~~~~~~~~~~~~~~~~~~~~~~~~~~~~~~~~~~~~~~~~~~~~~~~~~~~~~~~~~~~~~~~~~~~~~~~
JOB_ID    USER      STAT    QUEUE      EXEC_HOST   JOB_NAME         SUBMIT_TIME   CPU_TIME  WALLTIME  ACCOUNT    
65354265  trottar     R    priority    farm13009  KaonLT_7871       Mar 26 13:50  00:19:17   00:20:06   hallc     
65354266  trottar     R    priority    farm13009  KaonLT_7872       Mar 26 13:50  00:19:00   00:20:06   hallc     
65354267  trottar     R    priority    farm13009  KaonLT_7873       Mar 26 13:50  00:18:48   00:20:05   hallc     
65354324  trottar     R    priority    farm13009  KaonLT_7874       Mar 26 13:50  00:19:36   00:20:05   hallc     
65354325  trottar     R    priority    farm13009  KaonLT_7875       Mar 26 13:58  00:17:38   00:18:00   hallc     
65354327  trottar     R    priority    farm13009  KaonLT_7876       Mar 26 13:58  00:17:44   00:18:00   hallc     
65354328  trottar     R    priority    farm13009  KaonLT_7877       Mar 26 13:58  00:17:40   00:18:00   hallc     
65354331  trottar     R    priority    farm13009  KaonLT_7884       Mar 26 14:04  00:13:41   00:14:04   hallc     
65354332  trottar     R    priority    farm13009  KaonLT_7885       Mar 26 14:04  00:13:42   00:14:04   hallc     
65354375  trottar     R    priority    farm13009  KaonLT_7886       Mar 26 14:04  00:13:48   00:14:04   hallc     
65354376  trottar     R    priority    farm13009  KaonLT_7887       Mar 26 14:04  00:13:44   00:14:04   hallc     
 
There are 11 jobs remaining
~~~~~~~~~~~~~~~~~~~~~~~~~~~~~~~~~~~~~~~~~~~~~~~~~~~~~~~~~~~~~~~~~~~~~~~~~~~~~~~~~~~~~~~~~~~~~~~~~~~~~~~~~~~~~
JOB_ID    USER      STAT    QUEUE      EXEC_HOST   JOB_NAME         SUBMIT_TIME   CPU_TIME  WALLTIME  ACCOUNT    
65354265  trottar     R    priority    farm13009  KaonLT_7871       Mar 26 13:50  00:19:17   00:20:06   hallc     
65354266  trottar     R    priority    farm13009  KaonLT_7872       Mar 26 13:50  00:19:00   00:20:06   hallc     
65354267  trottar     R    priority    farm13009  KaonLT_7873       Mar 26 13:50  00:18:48   00:20:05   hallc     
65354324  trottar     R    priority    farm13009  KaonLT_7874       Mar 26 13:50  00:19:36   00:20:05   hallc     
65354325  trottar     R    priority    farm13009  KaonLT_7875       Mar 26 13:58  00:19:33   00:19:54   hallc     
65354327  trottar     R    priority    farm13009  KaonLT_7876       Mar 26 13:58  00:19:38   00:19:54   hallc     
65354328  trottar     R    priority    farm13009  KaonLT_7877       Mar 26 13:58  00:19:34   00:19:54   hallc     
65354331  trottar     R    priority    farm13009  KaonLT_7884       Mar 26 14:04  00:13:41   00:14:04   hallc     
65354332  trottar     R    priority    farm13009  KaonLT_7885       Mar 26 14:04  00:13:42   00:14:04   hallc     
65354375  trottar     R    priority    farm13009  KaonLT_7886       Mar 26 14:04  00:13:48   00:14:04   hallc     
65354376  trottar     R    priority    farm13009  KaonLT_7887       Mar 26 14:04  00:13:44   00:14:04   hallc     
 
There are 11 jobs remaining
~~~~~~~~~~~~~~~~~~~~~~~~~~~~~~~~~~~~~~~~~~~~~~~~~~~~~~~~~~~~~~~~~~~~~~~~~~~~~~~~~~~~~~~~~~~~~~~~~~~~~~~~~~~~~
JOB_ID    USER      STAT    QUEUE      EXEC_HOST   JOB_NAME         SUBMIT_TIME   CPU_TIME  WALLTIME  ACCOUNT    
65354265  trottar     R    priority    farm13009  KaonLT_7871       Mar 26 13:50  00:21:09   00:21:57   hallc     
65354266  trottar     R    priority    farm13009  KaonLT_7872       Mar 26 13:50  00:20:51   00:21:57   hallc     
65354267  trottar     R    priority    farm13009  KaonLT_7873       Mar 26 13:50  00:20:37   00:21:56   hallc     
65354324  trottar     R    priority    farm13009  KaonLT_7874       Mar 26 13:50  00:21:26   00:21:56   hallc     
65354325  trottar     R    priority    farm13009  KaonLT_7875       Mar 26 13:58  00:21:47   00:22:09   hallc     
65354327  trottar     R    priority    farm13009  KaonLT_7876       Mar 26 13:58  00:21:52   00:22:09   hallc     
65354328  trottar     R    priority    farm13009  KaonLT_7877       Mar 26 13:58  00:21:48   00:22:09   hallc     
65354331  trottar     R    priority    farm13009  KaonLT_7884       Mar 26 14:04  00:15:32   00:15:55   hallc     
65354332  trottar     R    priority    farm13009  KaonLT_7885       Mar 26 14:04  00:15:33   00:15:55   hallc     
65354375  trottar     R    priority    farm13009  KaonLT_7886       Mar 26 14:04  00:15:40   00:15:55   hallc     
65354376  trottar     R    priority    farm13009  KaonLT_7887       Mar 26 14:04  00:15:35   00:15:55   hallc     
 
There are 11 jobs remaining
~~~~~~~~~~~~~~~~~~~~~~~~~~~~~~~~~~~~~~~~~~~~~~~~~~~~~~~~~~~~~~~~~~~~~~~~~~~~~~~~~~~~~~~~~~~~~~~~~~~~~~~~~~~~~
JOB_ID    USER      STAT    QUEUE      EXEC_HOST   JOB_NAME         SUBMIT_TIME   CPU_TIME  WALLTIME  ACCOUNT    
65354265  trottar     R    priority    farm13009  KaonLT_7871       Mar 26 13:50  00:21:09   00:21:57   hallc     
65354266  trottar     R    priority    farm13009  KaonLT_7872       Mar 26 13:50  00:20:51   00:21:57   hallc     
65354267  trottar     R    priority    farm13009  KaonLT_7873       Mar 26 13:50  00:20:37   00:21:56   hallc     
65354324  trottar     R    priority    farm13009  KaonLT_7874       Mar 26 13:50  00:21:26   00:21:56   hallc     
65354325  trottar     R    priority    farm13009  KaonLT_7875       Mar 26 13:58  00:21:47   00:22:09   hallc     
65354327  trottar     R    priority    farm13009  KaonLT_7876       Mar 26 13:58  00:21:52   00:22:09   hallc     
65354328  trottar     R    priority    farm13009  KaonLT_7877       Mar 26 13:58  00:21:48   00:22:09   hallc     
65354332  trottar     R    priority    farm13009  KaonLT_7885       Mar 26 14:04  00:15:33   00:15:55   hallc     
65354375  trottar     R    priority    farm13009  KaonLT_7886       Mar 26 14:04  00:15:40   00:15:55   hallc     
65354376  trottar     R    priority    farm13009  KaonLT_7887       Mar 26 14:04  00:15:35   00:15:55   hallc     
 
There are 10 jobs remaining
~~~~~~~~~~~~~~~~~~~~~~~~~~~~~~~~~~~~~~~~~~~~~~~~~~~~~~~~~~~~~~~~~~~~~~~~~~~~~~~~~~~~~~~~~~~~~~~~~~~~~~~~~~~~~
JOB_ID    USER      STAT    QUEUE      EXEC_HOST   JOB_NAME         SUBMIT_TIME   CPU_TIME  WALLTIME  ACCOUNT    
65354265  trottar     R    priority    farm13009  KaonLT_7871       Mar 26 13:50  00:23:15   00:24:12   hallc     
65354266  trottar     R    priority    farm13009  KaonLT_7872       Mar 26 13:50  00:23:01   00:24:12   hallc     
65354267  trottar     R    priority    farm13009  KaonLT_7873       Mar 26 13:50  00:22:46   00:24:11   hallc     
65354324  trottar     R    priority    farm13009  KaonLT_7874       Mar 26 13:50  00:23:41   00:24:11   hallc     
65354325  trottar     R    priority    farm13009  KaonLT_7875       Mar 26 13:58  00:23:38   00:24:00   hallc     
65354327  trottar     R    priority    farm13009  KaonLT_7876       Mar 26 13:58  00:23:34   00:24:00   hallc     
65354328  trottar     R    priority    farm13009  KaonLT_7877       Mar 26 13:58  00:23:34   00:24:00   hallc     
65354332  trottar     R    priority    farm13009  KaonLT_7885       Mar 26 14:04  00:17:47   00:18:10   hallc     
65354375  trottar     R    priority    farm13009  KaonLT_7886       Mar 26 14:04  00:17:52   00:18:10   hallc     
65354376  trottar     R    priority    farm13009  KaonLT_7887       Mar 26 14:04  00:17:48   00:18:10   hallc     
 
There are 9 jobs remaining
~~~~~~~~~~~~~~~~~~~~~~~~~~~~~~~~~~~~~~~~~~~~~~~~~~~~~~~~~~~~~~~~~~~~~~~~~~~~~~~~~~~~~~~~~~~~~~~~~~~~~~~~~~~~~
JOB_ID    USER      STAT    QUEUE      EXEC_HOST   JOB_NAME         SUBMIT_TIME   CPU_TIME  WALLTIME  ACCOUNT    
65354265  trottar     R    priority    farm13009  KaonLT_7871       Mar 26 13:50  00:25:08   00:26:06   hallc     
65354266  trottar     R    priority    farm13009  KaonLT_7872       Mar 26 13:50  00:24:37   00:26:06   hallc     
65354267  trottar     R    priority    farm13009  KaonLT_7873       Mar 26 13:50  00:24:41   00:26:05   hallc     
65354324  trottar     R    priority    farm13009  KaonLT_7874       Mar 26 13:50  00:25:34   00:26:05   hallc     
65354325  trottar     R    priority    farm13009  KaonLT_7875       Mar 26 13:58  00:25:53   00:26:15   hallc     
65354327  trottar     R    priority    farm13009  KaonLT_7876       Mar 26 13:58  00:25:47   00:26:15   hallc     
65354328  trottar     R    priority    farm13009  KaonLT_7877       Mar 26 13:58  00:25:27   00:25:54   hallc     
65354332  trottar     R    priority    farm13009  KaonLT_7885       Mar 26 14:04  00:18:25   00:20:04   hallc     
65354376  trottar     R    priority    farm13009  KaonLT_7887       Mar 26 14:04  00:19:42   00:20:04   hallc     
 
There are 9 jobs remaining
~~~~~~~~~~~~~~~~~~~~~~~~~~~~~~~~~~~~~~~~~~~~~~~~~~~~~~~~~~~~~~~~~~~~~~~~~~~~~~~~~~~~~~~~~~~~~~~~~~~~~~~~~~~~~
JOB_ID    USER      STAT    QUEUE      EXEC_HOST   JOB_NAME         SUBMIT_TIME   CPU_TIME  WALLTIME  ACCOUNT    
65354265  trottar     R    priority    farm13009  KaonLT_7871       Mar 26 13:50  00:25:08   00:26:06   hallc     
65354266  trottar     R    priority    farm13009  KaonLT_7872       Mar 26 13:50  00:24:37   00:26:06   hallc     
65354267  trottar     R    priority    farm13009  KaonLT_7873       Mar 26 13:50  00:24:41   00:26:05   hallc     
65354324  trottar     R    priority    farm13009  KaonLT_7874       Mar 26 13:50  00:25:34   00:26:05   hallc     
65354325  trottar     R    priority    farm13009  KaonLT_7875       Mar 26 13:58  00:25:53   00:26:15   hallc     
65354327  trottar     R    priority    farm13009  KaonLT_7876       Mar 26 13:58  00:25:47   00:26:15   hallc     
65354328  trottar     R    priority    farm13009  KaonLT_7877       Mar 26 13:58  00:25:27   00:25:54   hallc     
65354332  trottar     R    priority    farm13009  KaonLT_7885       Mar 26 14:04  00:18:25   00:20:04   hallc     
 
There are 8 jobs remaining
~~~~~~~~~~~~~~~~~~~~~~~~~~~~~~~~~~~~~~~~~~~~~~~~~~~~~~~~~~~~~~~~~~~~~~~~~~~~~~~~~~~~~~~~~~~~~~~~~~~~~~~~~~~~~
JOB_ID    USER      STAT    QUEUE      EXEC_HOST   JOB_NAME         SUBMIT_TIME   CPU_TIME  WALLTIME  ACCOUNT    
65354265  trottar     R    priority    farm13009  KaonLT_7871       Mar 26 13:50  00:26:59   00:27:57   hallc     
65354266  trottar     R    priority    farm13009  KaonLT_7872       Mar 26 13:50  00:26:28   00:27:57   hallc     
65354267  trottar     R    priority    farm13009  KaonLT_7873       Mar 26 13:50  00:26:32   00:27:56   hallc     
65354324  trottar     R    priority    farm13009  KaonLT_7874       Mar 26 13:50  00:27:26   00:27:56   hallc     
65354325  trottar     R    priority    farm13009  KaonLT_7875       Mar 26 13:58  00:27:46   00:28:09   hallc     
65354327  trottar     R    priority    farm13009  KaonLT_7876       Mar 26 13:58  00:27:41   00:28:09   hallc     
65354328  trottar     R    priority    farm13009  KaonLT_7877       Mar 26 13:58  00:27:41   00:28:09   hallc     
65354332  trottar     R    priority    farm13009  KaonLT_7885       Mar 26 14:04  00:18:25   00:21:55   hallc     
 
There are 8 jobs remaining
~~~~~~~~~~~~~~~~~~~~~~~~~~~~~~~~~~~~~~~~~~~~~~~~~~~~~~~~~~~~~~~~~~~~~~~~~~~~~~~~~~~~~~~~~~~~~~~~~~~~~~~~~~~~~
JOB_ID    USER      STAT    QUEUE      EXEC_HOST   JOB_NAME         SUBMIT_TIME   CPU_TIME  WALLTIME  ACCOUNT    
65354265  trottar     R    priority    farm13009  KaonLT_7871       Mar 26 13:50  00:29:15   00:30:12   hallc     
65354266  trottar     R    priority    farm13009  KaonLT_7872       Mar 26 13:50  00:28:43   00:30:12   hallc     
65354267  trottar     R    priority    farm13009  KaonLT_7873       Mar 26 13:50  00:28:47   00:30:11   hallc     
65354324  trottar     R    priority    farm13009  KaonLT_7874       Mar 26 13:50  00:29:41   00:30:11   hallc     
65354325  trottar     R    priority    farm13009  KaonLT_7875       Mar 26 13:58  00:29:38   00:30:00   hallc     
65354327  trottar     R    priority    farm13009  KaonLT_7876       Mar 26 13:58  00:29:33   00:30:00   hallc     
65354328  trottar     R    priority    farm13009  KaonLT_7877       Mar 26 13:58  00:29:33   00:30:00   hallc     
65354332  trottar     R    priority    farm13009  KaonLT_7885       Mar 26 14:04  00:18:25   00:24:10   hallc     
 
There are 8 jobs remaining
~~~~~~~~~~~~~~~~~~~~~~~~~~~~~~~~~~~~~~~~~~~~~~~~~~~~~~~~~~~~~~~~~~~~~~~~~~~~~~~~~~~~~~~~~~~~~~~~~~~~~~~~~~~~~
JOB_ID    USER      STAT    QUEUE      EXEC_HOST   JOB_NAME         SUBMIT_TIME   CPU_TIME  WALLTIME  ACCOUNT    
65354265  trottar     R    priority    farm13009  KaonLT_7871       Mar 26 13:50  00:29:15   00:30:12   hallc     
65354266  trottar     R    priority    farm13009  KaonLT_7872       Mar 26 13:50  00:28:43   00:30:12   hallc     
65354267  trottar     R    priority    farm13009  KaonLT_7873       Mar 26 13:50  00:28:47   00:30:11   hallc     
65354324  trottar     R    priority    farm13009  KaonLT_7874       Mar 26 13:50  00:29:41   00:30:11   hallc     
65354325  trottar     R    priority    farm13009  KaonLT_7875       Mar 26 13:58  00:29:38   00:30:00   hallc     
65354327  trottar     R    priority    farm13009  KaonLT_7876       Mar 26 13:58  00:29:33   00:30:00   hallc     
65354328  trottar     R    priority    farm13009  KaonLT_7877       Mar 26 13:58  00:29:33   00:30:00   hallc     
 
There are 7 jobs remaining
~~~~~~~~~~~~~~~~~~~~~~~~~~~~~~~~~~~~~~~~~~~~~~~~~~~~~~~~~~~~~~~~~~~~~~~~~~~~~~~~~~~~~~~~~~~~~~~~~~~~~~~~~~~~~
JOB_ID    USER      STAT    QUEUE      EXEC_HOST   JOB_NAME         SUBMIT_TIME   CPU_TIME  WALLTIME  ACCOUNT    
65354265  trottar     R    priority    farm13009  KaonLT_7871       Mar 26 13:50  00:31:07   00:32:06   hallc     
65354266  trottar     R    priority    farm13009  KaonLT_7872       Mar 26 13:50  00:30:37   00:32:06   hallc     
65354267  trottar     R    priority    farm13009  KaonLT_7873       Mar 26 13:50  00:30:41   00:32:05   hallc     
65354324  trottar     R    priority    farm13009  KaonLT_7874       Mar 26 13:50  00:31:34   00:32:05   hallc     
65354325  trottar     R    priority    farm13009  KaonLT_7875       Mar 26 13:58  00:31:53   00:32:15   hallc     
65354327  trottar     R    priority    farm13009  KaonLT_7876       Mar 26 13:58  00:31:47   00:32:15   hallc     
65354328  trottar     R    priority    farm13009  KaonLT_7877       Mar 26 13:58  00:31:47   00:32:15   hallc     
 
There are 7 jobs remaining
~~~~~~~~~~~~~~~~~~~~~~~~~~~~~~~~~~~~~~~~~~~~~~~~~~~~~~~~~~~~~~~~~~~~~~~~~~~~~~~~~~~~~~~~~~~~~~~~~~~~~~~~~~~~~
JOB_ID    USER      STAT    QUEUE      EXEC_HOST   JOB_NAME         SUBMIT_TIME   CPU_TIME  WALLTIME  ACCOUNT    
65354265  trottar     R    priority    farm13009  KaonLT_7871       Mar 26 13:50  00:32:58   00:33:57   hallc     
65354266  trottar     R    priority    farm13009  KaonLT_7872       Mar 26 13:50  00:32:28   00:33:57   hallc     
65354267  trottar     R    priority    farm13009  KaonLT_7873       Mar 26 13:50  00:32:32   00:33:56   hallc     
65354324  trottar     R    priority    farm13009  KaonLT_7874       Mar 26 13:50  00:33:26   00:33:56   hallc     
65354325  trottar     R    priority    farm13009  KaonLT_7875       Mar 26 13:58  00:31:53   00:32:15   hallc     
65354327  trottar     R    priority    farm13009  KaonLT_7876       Mar 26 13:58  00:31:47   00:32:15   hallc     
65354328  trottar     R    priority    farm13009  KaonLT_7877       Mar 26 13:58  00:31:47   00:32:15   hallc     
 
There are 7 jobs remaining
~~~~~~~~~~~~~~~~~~~~~~~~~~~~~~~~~~~~~~~~~~~~~~~~~~~~~~~~~~~~~~~~~~~~~~~~~~~~~~~~~~~~~~~~~~~~~~~~~~~~~~~~~~~~~
JOB_ID    USER      STAT    QUEUE      EXEC_HOST   JOB_NAME         SUBMIT_TIME   CPU_TIME  WALLTIME  ACCOUNT    
65354265  trottar     R    priority    farm13009  KaonLT_7871       Mar 26 13:50  00:32:58   00:33:57   hallc     
65354266  trottar     R    priority    farm13009  KaonLT_7872       Mar 26 13:50  00:32:28   00:33:57   hallc     
65354324  trottar     R    priority    farm13009  KaonLT_7874       Mar 26 13:50  00:33:26   00:33:56   hallc     
 
There are 3 jobs remaining
~~~~~~~~~~~~~~~~~~~~~~~~~~~~~~~~~~~~~~~~~~~~~~~~~~~~~~~~~~~~~~~~~~~~~~~~~~~~~~~~~~~~~~~~~~~~~~~~~~~~~~~~~~~~~
JOB_ID    USER      STAT    QUEUE      EXEC_HOST   JOB_NAME         SUBMIT_TIME   CPU_TIME  WALLTIME  ACCOUNT    
65354265  trottar     R    priority    farm13009  KaonLT_7871       Mar 26 13:50  00:35:21   00:36:20   hallc     
65354324  trottar     R    priority    farm13009  KaonLT_7874       Mar 26 13:50  00:35:48   00:36:19   hallc     
 
There are 2 jobs remaining
~~~~~~~~~~~~~~~~~~~~~~~~~~~~~~~~~~~~~~~~~~~~~~~~~~~~~~~~~~~~~~~~~~~~~~~~~~~~~~~~~~~~~~~~~~~~~~~~~~~~~~~~~~~~~
JOB_ID    USER      STAT    QUEUE      EXEC_HOST   JOB_NAME         SUBMIT_TIME   CPU_TIME  WALLTIME  ACCOUNT    
65354265  trottar     R    priority    farm13009  KaonLT_7871       Mar 26 13:50  00:35:21   00:36:20   hallc     
65354324  trottar     R    priority    farm13009  KaonLT_7874       Mar 26 13:50  00:35:48   00:36:19   hallc     
 
There is 1 job remaining
~~~~~~~~~~~~~~~~~~~~~~~~~~~~~~~~~~~~~~~~~~~~~~~~~~~~~~~~~~~~~~~~~~~~~~~~~~~~~~~~~~~~~~~~~~~~~~~~~~~~~~~~~~~~~
JOB_ID    USER      STAT    QUEUE      EXEC_HOST   JOB_NAME         SUBMIT_TIME   CPU_TIME  WALLTIME  ACCOUNT    
65354324  trottar     R    priority    farm13009  KaonLT_7874       Mar 26 13:50  00:37:48   00:38:19   hallc     
 
There is 1 job remaining
~~~~~~~~~~~~~~~~~~~~~~~~~~~~~~~~~~~~~~~~~~~~~~~~~~~~~~~~~~~~~~~~~~~~~~~~~~~~~~~~~~~~~~~~~~~~~~~~~~~~~~~~~~~~~
JOB_ID    USER      STAT    QUEUE      EXEC_HOST   JOB_NAME         SUBMIT_TIME   CPU_TIME  WALLTIME  ACCOUNT    
65354324  trottar     R    priority    farm13009  KaonLT_7874       Mar 26 13:50  00:39:50   00:40:20   hallc     
 
There is 1 job remaining
~~~~~~~~~~~~~~~~~~~~~~~~~~~~~~~~~~~~~~~~~~~~~~~~~~~~~~~~~~~~~~~~~~~~~~~~~~~~~~~~~~~~~~~~~~~~~~~~~~~~~~~~~~~~~
JOB_ID    USER      STAT    QUEUE      EXEC_HOST   JOB_NAME         SUBMIT_TIME   CPU_TIME  WALLTIME  ACCOUNT    
65354324  trottar     R    priority    farm13009  KaonLT_7874       Mar 26 13:50  00:39:50   00:40:20   hallc     
 
There are 0 jobs remaining
~~~~~~~~~~~~~~~~~~~~~~~~~~~~~~~~~~~~~~~~~~~~~~~~~~~~~~~~~~~~~~~~~~~~~~~~~~~~~~~~~~~~~~~~~~~~~~~~~~~~~~~~~~~~~
grep: batch_OUTPUT/KaonLT_7871.out: No such file or directory
grep: batch_OUTPUT/KaonLT_7871.out: No such file or directory
_
|ID-65354265 (run 7871) has printed batch job information to file
|Amount of allocated memory used: /
grep: batch_OUTPUT/KaonLT_7872.out: No such file or directory
grep: batch_OUTPUT/KaonLT_7872.out: No such file or directory
_
|ID-65354266 (run 7872) has printed batch job information to file
|Amount of allocated memory used: /
grep: batch_OUTPUT/KaonLT_7873.out: No such file or directory
grep: batch_OUTPUT/KaonLT_7873.out: No such file or directory
_
|ID-65354267 (run 7873) has printed batch job information to file
|Amount of allocated memory used: /
grep: batch_OUTPUT/KaonLT_7874.out: No such file or directory
grep: batch_OUTPUT/KaonLT_7874.out: No such file or directory
_
|ID-65354324 (run 7874) has printed batch job information to file
|Amount of allocated memory used: /
grep: batch_OUTPUT/KaonLT_7875.out: No such file or directory
grep: batch_OUTPUT/KaonLT_7875.out: No such file or directory
_
|ID-65354325 (run 7875) has printed batch job information to file
|Amount of allocated memory used: /
grep: batch_OUTPUT/KaonLT_7875.out: No such file or directory
grep: batch_OUTPUT/KaonLT_7875.out: No such file or directory
_
|ID-65354325 (run 7875) has printed batch job information to file
|Amount of allocated memory used: /
grep: batch_OUTPUT/KaonLT_7876.out: No such file or directory
grep: batch_OUTPUT/KaonLT_7876.out: No such file or directory
_
|ID-65354327 (run 7876) has printed batch job information to file
|Amount of allocated memory used: /
grep: batch_OUTPUT/KaonLT_7877.out: No such file or directory
grep: batch_OUTPUT/KaonLT_7877.out: No such file or directory
_
|ID-65354328 (run 7877) has printed batch job information to file
|Amount of allocated memory used: /
grep: batch_OUTPUT/KaonLT_7882.out: No such file or directory
grep: batch_OUTPUT/KaonLT_7882.out: No such file or directory
_
|ID-65354329 (run 7882) has printed batch job information to file
|Amount of allocated memory used: /
grep: batch_OUTPUT/KaonLT_7883.out: No such file or directory
grep: batch_OUTPUT/KaonLT_7883.out: No such file or directory
_
|ID-65354330 (run 7883) has printed batch job information to file
|Amount of allocated memory used: /
grep: batch_OUTPUT/KaonLT_7884.out: No such file or directory
grep: batch_OUTPUT/KaonLT_7884.out: No such file or directory
_
|ID-65354331 (run 7884) has printed batch job information to file
|Amount of allocated memory used: /
grep: batch_OUTPUT/KaonLT_7885.out: No such file or directory
grep: batch_OUTPUT/KaonLT_7885.out: No such file or directory
_
|ID-65354332 (run 7885) has printed batch job information to file
|Amount of allocated memory used: /
grep: batch_OUTPUT/KaonLT_7886.out: No such file or directory
grep: batch_OUTPUT/KaonLT_7886.out: No such file or directory
_
|ID-65354375 (run 7886) has printed batch job information to file
|Amount of allocated memory used: /
grep: batch_OUTPUT/KaonLT_7887.out: No such file or directory
grep: batch_OUTPUT/KaonLT_7887.out: No such file or directory
_
|ID-65354376 (run 7887) has printed batch job information to file
|Amount of allocated memory used: /
