~~~~~~~~~~~~~~~~~~~~~~~~~~~~~~~~~~~~~~~~~~~~~~~~~~~~~~~~~~~~~~~~~~~~~~~~~~~~~~~~~~~~~~~~~~~~~~~~~~~~~~~~~~~~~
~~~~~~~~~~~~~~~~~~~~~~~~~~~~~~~~~~~~~~~~~~~~~~~~~~~~~~~~~~~~~~~~~~~~~~~~~~~~~~~~~~~~~~~~~~~~~~~~~~~~~~~~~~~~~
Errors...
 
Error in <THaFormula::Compile>:  Bad numerical expression : "whenselectingstubforchamber"
~~~~~~~~~~~~~~~~~~~~~~~~~~~~~~~~~~~~~~~~~~~~~~~~~~~~~~~~~~~~~~~~~~~~~~~~~~~~~~~~~~~~~~~~~~~~~~~~~~~~~~~~~~~~~
Job info...
 

Auger JobId: 65354329 [PBS JobId: 50533113]

03/26/2019 13:52:31  A     Name=KaonLT_7882;User=trottar;queue=priority
03/26/2019 13:58:57  A     Stagin started
03/26/2019 13:58:58  A     Job started
03/26/2019 14:14:49  A     Job started
03/26/2019 14:14:49  A     Job completed

Job: 50533113.farmpbs14

03/26/2019 13:58:46  S    enqueuing into priority, state 2 hop 1
03/26/2019 13:58:46  S    Holds u released at request of trottar@farmpbs14
03/26/2019 13:58:46  A    queue=priority
03/26/2019 13:58:51  S    Job Run at request of root@farmpbs14
03/26/2019 13:58:51  A    user=trottar group=enp account=hallc jobname=KaonLT_7882 queue=priority ctime=1553623126 qtime=1553623126 etime=1553623126 start=1553623131 owner=trottar@farmpbs14 exec_host=farm13009/16+farm13009/17 Resource_List.arch=centos7 Resource_List.file=2929687kb Resource_List.mem=750mb Resource_List.neednodes=1:ppn=2 Resource_List.nodect=1 Resource_List.nodes=1:ppn=2 Resource_List.vmem=1500mb Resource_List.walltime=04:00:00 
03/26/2019 14:15:01  S    Exit_status=0 resources_used.cput=00:15:10 resources_used.mem=273912kb resources_used.vmem=986208kb resources_used.walltime=00:16:10
03/26/2019 14:15:01  S    on_job_exit valid pjob: 50533113.farmpbs14 (substate=50)
03/26/2019 14:15:01  S    dequeuing from priority, state COMPLETE
03/26/2019 14:15:01  A    user=trottar group=enp account=hallc jobname=KaonLT_7882 queue=priority ctime=1553623126 qtime=1553623126 etime=1553623126 start=1553623131 owner=trottar@farmpbs14 exec_host=farm13009/16+farm13009/17 Resource_List.arch=centos7 Resource_List.file=2929687kb Resource_List.mem=750mb Resource_List.neednodes=1:ppn=2 Resource_List.nodect=1 Resource_List.nodes=1:ppn=2 Resource_List.vmem=1500mb Resource_List.walltime=04:00:00 session=15844 end=1553624101 Exit_status=0 resources_used.cput=00:15:10 resources_used.mem=273912kb resources_used.vmem=986208kb resources_used.walltime=00:16:10

~~~~~~~~~~~~~~~~~~~~~~~~~~~~~~~~~~~~~~~~~~~~~~~~~~~~~~~~~~~~~~~~~~~~~~~~~~~~~~~~~~~~~~~~~~~~~~~~~~~~~~~~~~~~~
~~~~~~~~~~~~~~~~~~~~~~~~~~~~~~~~~~~~~~~~~~~~~~~~~~~~~~~~~~~~~~~~~~~~~~~~~~~~~~~~~~~~~~~~~~~~~~~~~~~~~~~~~~~~~
