~~~~~~~~~~~~~~~~~~~~~~~~~~~~~~~~~~~~~~~~~~~~~~~~~~~~~~~~~~~~~~~~~~~~~~~~~~~~~~~~~~~~~~~~~~~~~~~~~~~~~~~~~~~~~
~~~~~~~~~~~~~~~~~~~~~~~~~~~~~~~~~~~~~~~~~~~~~~~~~~~~~~~~~~~~~~~~~~~~~~~~~~~~~~~~~~~~~~~~~~~~~~~~~~~~~~~~~~~~~
Errors...
 
Error in <THaFormula::Compile>:  Bad numerical expression : "whenselectingstubforchamber"
~~~~~~~~~~~~~~~~~~~~~~~~~~~~~~~~~~~~~~~~~~~~~~~~~~~~~~~~~~~~~~~~~~~~~~~~~~~~~~~~~~~~~~~~~~~~~~~~~~~~~~~~~~~~~
Job info...
 

Auger JobId: 65354332 [PBS JobId: 50533178]

03/26/2019 13:53:57  A     Name=KaonLT_7885;User=trottar;queue=priority
03/26/2019 14:04:43  A     Stagin started
03/26/2019 14:04:43  A     Job started
03/26/2019 14:29:54  A     Job started
03/26/2019 14:29:54  A     Job completed

Job: 50533178.farmpbs14

03/26/2019 14:04:36  S    enqueuing into priority, state 2 hop 1
03/26/2019 14:04:36  S    Holds u released at request of trottar@farmpbs14
03/26/2019 14:04:36  A    queue=priority
03/26/2019 14:04:40  S    Job Run at request of root@farmpbs14
03/26/2019 14:04:40  A    user=trottar group=enp account=hallc jobname=KaonLT_7885 queue=priority ctime=1553623476 qtime=1553623476 etime=1553623476 start=1553623480 owner=trottar@farmpbs14 exec_host=farm13009/20+farm13009/21 Resource_List.arch=centos7 Resource_List.file=2929687kb Resource_List.mem=750mb Resource_List.neednodes=1:ppn=2 Resource_List.nodect=1 Resource_List.nodes=1:ppn=2 Resource_List.vmem=1500mb Resource_List.walltime=04:00:00 
03/26/2019 14:29:57  S    Exit_status=0 resources_used.cput=00:18:31 resources_used.mem=273968kb resources_used.vmem=986276kb resources_used.walltime=00:25:17
03/26/2019 14:29:57  S    on_job_exit valid pjob: 50533178.farmpbs14 (substate=50)
03/26/2019 14:29:57  S    dequeuing from priority, state COMPLETE
03/26/2019 14:29:57  A    user=trottar group=enp account=hallc jobname=KaonLT_7885 queue=priority ctime=1553623476 qtime=1553623476 etime=1553623476 start=1553623480 owner=trottar@farmpbs14 exec_host=farm13009/20+farm13009/21 Resource_List.arch=centos7 Resource_List.file=2929687kb Resource_List.mem=750mb Resource_List.neednodes=1:ppn=2 Resource_List.nodect=1 Resource_List.nodes=1:ppn=2 Resource_List.vmem=1500mb Resource_List.walltime=04:00:00 session=17792 end=1553624997 Exit_status=0 resources_used.cput=00:18:31 resources_used.mem=273968kb resources_used.vmem=986276kb resources_used.walltime=00:25:17

~~~~~~~~~~~~~~~~~~~~~~~~~~~~~~~~~~~~~~~~~~~~~~~~~~~~~~~~~~~~~~~~~~~~~~~~~~~~~~~~~~~~~~~~~~~~~~~~~~~~~~~~~~~~~
~~~~~~~~~~~~~~~~~~~~~~~~~~~~~~~~~~~~~~~~~~~~~~~~~~~~~~~~~~~~~~~~~~~~~~~~~~~~~~~~~~~~~~~~~~~~~~~~~~~~~~~~~~~~~
