~~~~~~~~~~~~~~~~~~~~~~~~~~~~~~~~~~~~~~~~~~~~~~~~~~~~~~~~~~~~~~~~~~~~~~~~~~~~~~~~~~~~~~~~~~~~~~~~~~~~~~~~~~~~~
~~~~~~~~~~~~~~~~~~~~~~~~~~~~~~~~~~~~~~~~~~~~~~~~~~~~~~~~~~~~~~~~~~~~~~~~~~~~~~~~~~~~~~~~~~~~~~~~~~~~~~~~~~~~~
Errors...
 
/home/trottar/Analysis/hallc_replay_kaonlt/UTIL_KAONLT/KaonYield_batch.sh: line 38: /home/trottar/Analysis/hallc_replay_kaonlt/hcana: No such file or directory
~~~~~~~~~~~~~~~~~~~~~~~~~~~~~~~~~~~~~~~~~~~~~~~~~~~~~~~~~~~~~~~~~~~~~~~~~~~~~~~~~~~~~~~~~~~~~~~~~~~~~~~~~~~~~
Job info...
 

Auger JobId: 65297636 [PBS JobId: 50507744]

03/25/2019 03:41:24  A     Name=KaonLT_7871;User=trottar;queue=priority
03/25/2019 03:42:44  A     Stagin started
03/25/2019 03:42:45  A     Job started
03/25/2019 03:42:47  A     Job started
03/25/2019 03:42:47  A     Job completed

Job: 50507744.farmpbs14

03/25/2019 03:42:23  S    enqueuing into priority, state 2 hop 1
03/25/2019 03:42:23  S    Holds u released at request of trottar@farmpbs14
03/25/2019 03:42:23  A    queue=priority
03/25/2019 03:42:43  S    Job Run at request of root@farmpbs14
03/25/2019 03:42:43  A    user=trottar group=enp account=hallc jobname=KaonLT_7871 queue=priority ctime=1553499743 qtime=1553499743 etime=1553499743 start=1553499763 owner=trottar@farmpbs14 exec_host=farm180114/0+farm180114/1 Resource_List.arch=centos7 Resource_List.file=2929687kb Resource_List.mem=365mb Resource_List.neednodes=1:ppn=2 Resource_List.nodect=1 Resource_List.nodes=1:ppn=2 Resource_List.vmem=731mb Resource_List.walltime=04:00:00 
03/25/2019 03:42:49  S    Exit_status=127 resources_used.cput=00:00:10 resources_used.mem=0kb resources_used.vmem=0kb resources_used.walltime=00:00:06
03/25/2019 03:42:49  S    on_job_exit valid pjob: 50507744.farmpbs14 (substate=50)
03/25/2019 03:42:49  S    dequeuing from priority, state COMPLETE
03/25/2019 03:42:49  A    user=trottar group=enp account=hallc jobname=KaonLT_7871 queue=priority ctime=1553499743 qtime=1553499743 etime=1553499743 start=1553499763 owner=trottar@farmpbs14 exec_host=farm180114/0+farm180114/1 Resource_List.arch=centos7 Resource_List.file=2929687kb Resource_List.mem=365mb Resource_List.neednodes=1:ppn=2 Resource_List.nodect=1 Resource_List.nodes=1:ppn=2 Resource_List.vmem=731mb Resource_List.walltime=04:00:00 session=126996 end=1553499769 Exit_status=127 resources_used.cput=00:00:10 resources_used.mem=0kb resources_used.vmem=0kb resources_used.walltime=00:00:06

~~~~~~~~~~~~~~~~~~~~~~~~~~~~~~~~~~~~~~~~~~~~~~~~~~~~~~~~~~~~~~~~~~~~~~~~~~~~~~~~~~~~~~~~~~~~~~~~~~~~~~~~~~~~~
~~~~~~~~~~~~~~~~~~~~~~~~~~~~~~~~~~~~~~~~~~~~~~~~~~~~~~~~~~~~~~~~~~~~~~~~~~~~~~~~~~~~~~~~~~~~~~~~~~~~~~~~~~~~~
~~~~~~~~~~~~~~~~~~~~~~~~~~~~~~~~~~~~~~~~~~~~~~~~~~~~~~~~~~~~~~~~~~~~~~~~~~~~~~~~~~~~~~~~~~~~~~~~~~~~~~~~~~~~~
~~~~~~~~~~~~~~~~~~~~~~~~~~~~~~~~~~~~~~~~~~~~~~~~~~~~~~~~~~~~~~~~~~~~~~~~~~~~~~~~~~~~~~~~~~~~~~~~~~~~~~~~~~~~~
Errors...
 
/home/trottar/Analysis/hcana/setup.csh: line 33: syntax error: unexpected end of file
/home/trottar/Analysis/hallc_replay_kaonlt/setup.csh: line 1: setenv: command not found
/home/trottar/Analysis/hallc_replay_kaonlt/hcana: error while loading shared libraries: libHallC.so: cannot open shared object file: No such file or directory
~~~~~~~~~~~~~~~~~~~~~~~~~~~~~~~~~~~~~~~~~~~~~~~~~~~~~~~~~~~~~~~~~~~~~~~~~~~~~~~~~~~~~~~~~~~~~~~~~~~~~~~~~~~~~
Job info...
 

Auger JobId: 65306277 [PBS JobId: 50512370]

03/25/2019 10:31:16  A     Name=KaonLT_7871;User=trottar;queue=priority
03/25/2019 10:35:44  A     Stagin started
03/25/2019 10:35:44  A     Job started
03/25/2019 10:36:15  A     Job started
03/25/2019 10:36:15  A     Job completed

Job: 50512370.farmpbs14

03/25/2019 10:35:04  S    enqueuing into priority, state 2 hop 1
03/25/2019 10:35:04  S    Holds u released at request of trottar@farmpbs14
03/25/2019 10:35:04  A    queue=priority
03/25/2019 10:35:28  S    Job Run at request of root@farmpbs14
03/25/2019 10:35:28  A    user=trottar group=enp account=hallc jobname=KaonLT_7871 queue=priority ctime=1553524504 qtime=1553524504 etime=1553524504 start=1553524528 owner=trottar@farmpbs14 exec_host=farm13003/0+farm13003/1 Resource_List.arch=centos7 Resource_List.file=2929687kb Resource_List.mem=750mb Resource_List.neednodes=1:ppn=2 Resource_List.nodect=1 Resource_List.nodes=1:ppn=2 Resource_List.vmem=1500mb Resource_List.walltime=04:00:00 
03/25/2019 10:36:19  S    Exit_status=127 resources_used.cput=00:00:10 resources_used.mem=3808kb resources_used.vmem=370492kb resources_used.walltime=00:00:51
03/25/2019 10:36:19  S    on_job_exit valid pjob: 50512370.farmpbs14 (substate=50)
03/25/2019 10:36:19  S    dequeuing from priority, state COMPLETE
03/25/2019 10:36:19  A    user=trottar group=enp account=hallc jobname=KaonLT_7871 queue=priority ctime=1553524504 qtime=1553524504 etime=1553524504 start=1553524528 owner=trottar@farmpbs14 exec_host=farm13003/0+farm13003/1 Resource_List.arch=centos7 Resource_List.file=2929687kb Resource_List.mem=750mb Resource_List.neednodes=1:ppn=2 Resource_List.nodect=1 Resource_List.nodes=1:ppn=2 Resource_List.vmem=1500mb Resource_List.walltime=04:00:00 session=20283 end=1553524579 Exit_status=127 resources_used.cput=00:00:10 resources_used.mem=3808kb resources_used.vmem=370492kb resources_used.walltime=00:00:51

~~~~~~~~~~~~~~~~~~~~~~~~~~~~~~~~~~~~~~~~~~~~~~~~~~~~~~~~~~~~~~~~~~~~~~~~~~~~~~~~~~~~~~~~~~~~~~~~~~~~~~~~~~~~~
~~~~~~~~~~~~~~~~~~~~~~~~~~~~~~~~~~~~~~~~~~~~~~~~~~~~~~~~~~~~~~~~~~~~~~~~~~~~~~~~~~~~~~~~~~~~~~~~~~~~~~~~~~~~~
~~~~~~~~~~~~~~~~~~~~~~~~~~~~~~~~~~~~~~~~~~~~~~~~~~~~~~~~~~~~~~~~~~~~~~~~~~~~~~~~~~~~~~~~~~~~~~~~~~~~~~~~~~~~~
~~~~~~~~~~~~~~~~~~~~~~~~~~~~~~~~~~~~~~~~~~~~~~~~~~~~~~~~~~~~~~~~~~~~~~~~~~~~~~~~~~~~~~~~~~~~~~~~~~~~~~~~~~~~~
Errors...
 
In file included from input_line_13:1:
/u/home/trottar/Analysis/hallc_replay_kaonlt/./UTIL_KAONLT/scripts_Replay/replay_production_coin.C:195:3: error: unknown type name 'THcHelicity'
  THcHelicity* helicity = new THcHelicity("helicity","Helicity Detector");
  ^
/u/home/trottar/Analysis/hallc_replay_kaonlt/./UTIL_KAONLT/scripts_Replay/replay_production_coin.C:195:31: error: unknown type name 'THcHelicity'
  THcHelicity* helicity = new THcHelicity("helicity","Helicity Detector");
                              ^
~~~~~~~~~~~~~~~~~~~~~~~~~~~~~~~~~~~~~~~~~~~~~~~~~~~~~~~~~~~~~~~~~~~~~~~~~~~~~~~~~~~~~~~~~~~~~~~~~~~~~~~~~~~~~
Job info...
 

Auger JobId: 65306326 [PBS JobId: 50512380]

03/25/2019 10:40:26  A     Name=KaonLT_7871;User=trottar;queue=priority
03/25/2019 10:43:35  A     Stagin started
03/25/2019 10:43:35  A     Job started
03/25/2019 10:48:28  A     Job started
03/25/2019 10:48:28  A     Job completed

Job: 50512380.farmpbs14

03/25/2019 10:43:26  S    enqueuing into priority, state 2 hop 1
03/25/2019 10:43:26  S    Holds u released at request of trottar@farmpbs14
03/25/2019 10:43:26  A    queue=priority
03/25/2019 10:43:28  S    Job Run at request of root@farmpbs14
03/25/2019 10:43:29  A    user=trottar group=enp account=hallc jobname=KaonLT_7871 queue=priority ctime=1553525006 qtime=1553525006 etime=1553525006 start=1553525009 owner=trottar@farmpbs14 exec_host=farm180109/0+farm180109/1 Resource_List.arch=centos7 Resource_List.file=2929687kb Resource_List.mem=750mb Resource_List.neednodes=1:ppn=2 Resource_List.nodect=1 Resource_List.nodes=1:ppn=2 Resource_List.vmem=1500mb Resource_List.walltime=04:00:00 
03/25/2019 10:48:29  S    Exit_status=1 resources_used.cput=00:00:14 resources_used.mem=77648kb resources_used.vmem=801228kb resources_used.walltime=00:05:01
03/25/2019 10:48:29  S    on_job_exit valid pjob: 50512380.farmpbs14 (substate=50)
03/25/2019 10:48:29  S    dequeuing from priority, state COMPLETE
03/25/2019 10:48:29  A    user=trottar group=enp account=hallc jobname=KaonLT_7871 queue=priority ctime=1553525006 qtime=1553525006 etime=1553525006 start=1553525009 owner=trottar@farmpbs14 exec_host=farm180109/0+farm180109/1 Resource_List.arch=centos7 Resource_List.file=2929687kb Resource_List.mem=750mb Resource_List.neednodes=1:ppn=2 Resource_List.nodect=1 Resource_List.nodes=1:ppn=2 Resource_List.vmem=1500mb Resource_List.walltime=04:00:00 session=90255 end=1553525309 Exit_status=1 resources_used.cput=00:00:14 resources_used.mem=77648kb resources_used.vmem=801228kb resources_used.walltime=00:05:01

~~~~~~~~~~~~~~~~~~~~~~~~~~~~~~~~~~~~~~~~~~~~~~~~~~~~~~~~~~~~~~~~~~~~~~~~~~~~~~~~~~~~~~~~~~~~~~~~~~~~~~~~~~~~~
~~~~~~~~~~~~~~~~~~~~~~~~~~~~~~~~~~~~~~~~~~~~~~~~~~~~~~~~~~~~~~~~~~~~~~~~~~~~~~~~~~~~~~~~~~~~~~~~~~~~~~~~~~~~~
~~~~~~~~~~~~~~~~~~~~~~~~~~~~~~~~~~~~~~~~~~~~~~~~~~~~~~~~~~~~~~~~~~~~~~~~~~~~~~~~~~~~~~~~~~~~~~~~~~~~~~~~~~~~~
~~~~~~~~~~~~~~~~~~~~~~~~~~~~~~~~~~~~~~~~~~~~~~~~~~~~~~~~~~~~~~~~~~~~~~~~~~~~~~~~~~~~~~~~~~~~~~~~~~~~~~~~~~~~~
Errors...
 
Error in <THaFormula::Compile>:  Bad numerical expression : "whenselectingstubforchamber"
~~~~~~~~~~~~~~~~~~~~~~~~~~~~~~~~~~~~~~~~~~~~~~~~~~~~~~~~~~~~~~~~~~~~~~~~~~~~~~~~~~~~~~~~~~~~~~~~~~~~~~~~~~~~~
Job info...
 

Auger JobId: 65354265 [PBS JobId: 50533027]

03/26/2019 13:48:39  A     Name=KaonLT_7871;User=trottar;queue=priority
03/26/2019 13:58:40  A     Stagin started
03/26/2019 13:58:40  A     Job started
03/26/2019 14:36:57  A     Job started
03/26/2019 14:36:57  A     Job completed

Job: 50533027.farmpbs14

03/26/2019 13:50:11  S    enqueuing into priority, state 2 hop 1
03/26/2019 13:50:11  S    Holds u released at request of trottar@farmpbs14
03/26/2019 13:50:11  A    queue=priority
03/26/2019 13:58:38  S    Job Run at request of root@farmpbs14
03/26/2019 13:58:38  A    user=trottar group=enp account=hallc jobname=KaonLT_7871 queue=priority ctime=1553622611 qtime=1553622611 etime=1553622611 start=1553623118 owner=trottar@farmpbs14 exec_host=farm13009/0+farm13009/1 Resource_List.arch=centos7 Resource_List.file=2929687kb Resource_List.mem=750mb Resource_List.neednodes=1:ppn=2 Resource_List.nodect=1 Resource_List.nodes=1:ppn=2 Resource_List.vmem=1500mb Resource_List.walltime=04:00:00 
03/26/2019 14:37:04  S    Exit_status=0 resources_used.cput=00:36:29 resources_used.mem=273828kb resources_used.vmem=986148kb resources_used.walltime=00:38:26
03/26/2019 14:37:04  S    on_job_exit valid pjob: 50533027.farmpbs14 (substate=50)
03/26/2019 14:37:04  S    dequeuing from priority, state COMPLETE
03/26/2019 14:37:04  A    user=trottar group=enp account=hallc jobname=KaonLT_7871 queue=priority ctime=1553622611 qtime=1553622611 etime=1553622611 start=1553623118 owner=trottar@farmpbs14 exec_host=farm13009/0+farm13009/1 Resource_List.arch=centos7 Resource_List.file=2929687kb Resource_List.mem=750mb Resource_List.neednodes=1:ppn=2 Resource_List.nodect=1 Resource_List.nodes=1:ppn=2 Resource_List.vmem=1500mb Resource_List.walltime=04:00:00 session=14601 end=1553625424 Exit_status=0 resources_used.cput=00:36:29 resources_used.mem=273828kb resources_used.vmem=986148kb resources_used.walltime=00:38:26

~~~~~~~~~~~~~~~~~~~~~~~~~~~~~~~~~~~~~~~~~~~~~~~~~~~~~~~~~~~~~~~~~~~~~~~~~~~~~~~~~~~~~~~~~~~~~~~~~~~~~~~~~~~~~
~~~~~~~~~~~~~~~~~~~~~~~~~~~~~~~~~~~~~~~~~~~~~~~~~~~~~~~~~~~~~~~~~~~~~~~~~~~~~~~~~~~~~~~~~~~~~~~~~~~~~~~~~~~~~
