~~~~~~~~~~~~~~~~~~~~~~~~~~~~~~~~~~~~~~~~~~~~~~~~~~~~~~~~~~~~~~~~~~~~~~~~~~~~~~~~~~~~~~~~~~~~~~~~~~~~~~~~~~~~~
~~~~~~~~~~~~~~~~~~~~~~~~~~~~~~~~~~~~~~~~~~~~~~~~~~~~~~~~~~~~~~~~~~~~~~~~~~~~~~~~~~~~~~~~~~~~~~~~~~~~~~~~~~~~~
Errors...
 
Error in <THaFormula::Compile>:  Bad numerical expression : "whenselectingstubforchamber"
~~~~~~~~~~~~~~~~~~~~~~~~~~~~~~~~~~~~~~~~~~~~~~~~~~~~~~~~~~~~~~~~~~~~~~~~~~~~~~~~~~~~~~~~~~~~~~~~~~~~~~~~~~~~~
Job info...
 

Auger JobId: 65354328 [PBS JobId: 50533112]

03/26/2019 13:52:02  A     Name=KaonLT_7877;User=trottar;queue=priority
03/26/2019 13:58:57  A     Stagin started
03/26/2019 13:58:58  A     Job started
03/26/2019 14:34:02  A     Job started
03/26/2019 14:34:02  A     Job completed

Job: 50533112.farmpbs14

03/26/2019 13:58:46  S    enqueuing into priority, state 2 hop 1
03/26/2019 13:58:46  S    Holds u released at request of trottar@farmpbs14
03/26/2019 13:58:46  A    queue=priority
03/26/2019 13:58:50  S    Job Run at request of root@farmpbs14
03/26/2019 13:58:51  A    user=trottar group=enp account=hallc jobname=KaonLT_7877 queue=priority ctime=1553623126 qtime=1553623126 etime=1553623126 start=1553623131 owner=trottar@farmpbs14 exec_host=farm13009/14+farm13009/15 Resource_List.arch=centos7 Resource_List.file=2929687kb Resource_List.mem=750mb Resource_List.neednodes=1:ppn=2 Resource_List.nodect=1 Resource_List.nodes=1:ppn=2 Resource_List.vmem=1500mb Resource_List.walltime=04:00:00 
03/26/2019 14:34:04  S    Exit_status=0 resources_used.cput=00:34:44 resources_used.mem=273764kb resources_used.vmem=986096kb resources_used.walltime=00:35:14
03/26/2019 14:34:04  S    on_job_exit valid pjob: 50533112.farmpbs14 (substate=50)
03/26/2019 14:34:04  S    dequeuing from priority, state COMPLETE
03/26/2019 14:34:04  A    user=trottar group=enp account=hallc jobname=KaonLT_7877 queue=priority ctime=1553623126 qtime=1553623126 etime=1553623126 start=1553623131 owner=trottar@farmpbs14 exec_host=farm13009/14+farm13009/15 Resource_List.arch=centos7 Resource_List.file=2929687kb Resource_List.mem=750mb Resource_List.neednodes=1:ppn=2 Resource_List.nodect=1 Resource_List.nodes=1:ppn=2 Resource_List.vmem=1500mb Resource_List.walltime=04:00:00 session=15820 end=1553625244 Exit_status=0 resources_used.cput=00:34:44 resources_used.mem=273764kb resources_used.vmem=986096kb resources_used.walltime=00:35:14

~~~~~~~~~~~~~~~~~~~~~~~~~~~~~~~~~~~~~~~~~~~~~~~~~~~~~~~~~~~~~~~~~~~~~~~~~~~~~~~~~~~~~~~~~~~~~~~~~~~~~~~~~~~~~
~~~~~~~~~~~~~~~~~~~~~~~~~~~~~~~~~~~~~~~~~~~~~~~~~~~~~~~~~~~~~~~~~~~~~~~~~~~~~~~~~~~~~~~~~~~~~~~~~~~~~~~~~~~~~
